ISim log file
Running: D:\GIT\Pracs_Microprocesadores\VHDL\Practica1\tb_ALU_isim_beh.exe -intstyle ise -gui -tclbatch isim.cmd -wdb D:/GIT/Pracs_Microprocesadores/VHDL/Practica1/tb_ALU_isim_beh.wdb 
INFO: There is another simulation running in the same directory. Using database file name isim1.wdb.
ISim P.20131013 (signature 0x7708f090)
This is a Full version of ISim.
Time resolution is 1 ps
# onerror resume
# wave add /
# run 1000 ns
Simulator is doing circuit initialization process.
Finished circuit initialization process.
# restart
# run 1.00us
Simulator is doing circuit initialization process.
Finished circuit initialization process.
# step
Stopped at time : 1005 ns : File "D:/GIT/Pracs_Microprocesadores/VHDL/Practica1/tb_ALU.vhd" Line 93
# run all
Stopped at time : 49614250 ns : File "D:/GIT/Pracs_Microprocesadores/VHDL/Practica1/tb_ALU.vhd" Line 92
# restart
# run 1.00us
Simulator is doing circuit initialization process.
Finished circuit initialization process.
ISim P.20131013 (signature 0x7708f090)
This is a Full version of ISim.
# run 1000 ns
Simulator is doing circuit initialization process.
Finished circuit initialization process.
