MPASM  5.42                    CRONOMETRO.ASM   4-27-2019  12:15:32         PAGE  1


LOC  OBJECT CODE     LINE SOURCE TEXT
  VALUE

                      00001 ;-------------------------------------------------------
                      00002                         LIST p=16F876A
                      00003                         include "p16f876a.inc"
                      00001         LIST
                      00002 
                      00003 ;==========================================================================
                      00004 ;  MPASM PIC16F876A processor include
                      00005 ; 
                      00006 ;  (c) Copyright 1999-2011 Microchip Technology, All rights reserved
                      00007 ;==========================================================================
                      00008 
                      00513         LIST
2007   3F79           00004                         __CONFIG _XT_OSC & _WDT_OFF & _LVP_OFF
                      00005 ;-------------------------------------------------------
  00000020            00006 SEG                     EQU             0x20
  00000021            00007 CENT            EQU             0x21
  00000022            00008 CONTCENT        EQU             0x22
  00000023            00009 CONT1           EQU             0x23
  00000024            00010 CONT2           EQU             0X24
                      00011 ;-------------------------------------------------------
0000                  00012                         ORG             0
0000   2805           00013                         goto    inicio  
0005                  00014                         ORG             5
                      00015 ;-------------------------------------------------------
                      00016 
0005                  00017 inicio  
0005   01A0           00018                         CLRF    SEG ; Inicializamos la variable SEG a 0
0006   01A1           00019                         CLRF    CENT ; Inicializamos la variable CENT a 0
                      00020 
0007                  00021 dec_cent
                      00022 
0007   3064           00023                         MOVLW   .100 ; Movemos el decimal 100 a WREG
0008   00A2           00024                         MOVWF   CONTCENT ; Copiamos WREG en CONTCENT
                      00025 
0009                  00026 main
                      00027 
0009   200F           00028                         CALL    bucle_retardo ; Llamamos a la subrutina "bucle_retardo"
000A   0BA2           00029                         DECFSZ  CONTCENT,1 ; Decrementamos CONTCENT, si es igual a 0 saltamos a la LINEA
                             32
                      00030                                                            ; y haríamos un RETURN
000B   2809           00031                         goto    main ; Saltamos a dec_cent (LINEA 26)
000C   0AA0           00032                         INCF    SEG,1 ; Incrementamos SEG en 1, y lo guardamos en SEG
000D   01A1           00033                         CLRF    CENT ; Borramos CENT
000E   2807           00034                         goto    dec_cent ; Saltamos a dec_cent (LINEA 21)
                      00035 
                      00036 ;-------------------------------------------------------
                      00037 
000F                  00038 bucle_retardo
                      00039 
000F   3061           00040                         MOVLW   .97 ; Movemos el decimal 97 a WREG (lo hemos tenido que calcular) 
0010   00A4           00041                         MOVWF   CONT2 ; Copiamos WREG en CONT2
                      00042 
0011                  00043 ciclo2
MPASM  5.42                    CRONOMETRO.ASM   4-27-2019  12:15:32         PAGE  2


LOC  OBJECT CODE     LINE SOURCE TEXT
  VALUE

                      00044 
0011   3021           00045                         MOVLW   .33 ; Movemos el decimal 33 a WREG (lo hemos tenido que calcular) 
0012   00A3           00046                         MOVWF   CONT1 ; Copiamos WREG en CONT1
                      00047 
0013                  00048 ciclo1
0013                  00049 .
0013   0BA3           00050                         DECFSZ  CONT1,1 ; Decrementamos CONT1, si es igual a 0 saltamos a la LINEA 53
                      00051                                                         ; y haríamos un RETURN
0014   2813           00052                         goto    ciclo1  ; Saltamos a "ciclo2"
                      00053                 
0015   0BA4           00054                         DECFSZ  CONT2,1 ; Decrementamos CONT2, si es igual a 0 saltamos a la LINEA 57
                      00055                                                         ; y haríamos un RETURN
0016   2811           00056                         goto    ciclo2  ; Saltamos a "ciclo2"
                      00057                         
0017   0AA1           00058                         INCF    CENT,1 ; Incrementa "CENT" en 1. El ,1 es para guardar el valor en CENT 
Warning[203]: Found opcode in column 1. (RETURN)
0018   0008           00059 RETURN ; Salimos de la subrutina y hacemos "INCF ciclo,1" (LINEA 28)
                      00060 
                      00061 ;-------------------------------------------------------
                      00062 
Warning[205]: Found directive in column 1. (END)
                      00063 END
MPASM  5.42                    CRONOMETRO.ASM   4-27-2019  12:15:32         PAGE  3


SYMBOL TABLE
  LABEL                             VALUE 

.                                 00000013
ACKDT                             00000005
ACKEN                             00000004
ACKSTAT                           00000006
ADCON0                            0000001F
ADCON1                            0000009F
ADCS0                             00000006
ADCS1                             00000007
ADCS2                             00000006
ADDEN                             00000003
ADFM                              00000007
ADIE                              00000006
ADIF                              00000006
ADON                              00000000
ADRESH                            0000001E
ADRESL                            0000009E
BCLIE                             00000003
BCLIF                             00000003
BF                                00000000
BRGH                              00000002
C                                 00000000
C1INV                             00000004
C1OUT                             00000006
C2INV                             00000005
C2OUT                             00000007
CCP1CON                           00000017
CCP1IE                            00000002
CCP1IF                            00000002
CCP1M0                            00000000
CCP1M1                            00000001
CCP1M2                            00000002
CCP1M3                            00000003
CCP1X                             00000005
CCP1Y                             00000004
CCP2CON                           0000001D
CCP2IE                            00000000
CCP2IF                            00000000
CCP2M0                            00000000
CCP2M1                            00000001
CCP2M2                            00000002
CCP2M3                            00000003
CCP2X                             00000005
CCP2Y                             00000004
CCPR1                             00000015
CCPR1H                            00000016
CCPR1L                            00000015
CCPR2                             0000001B
CCPR2H                            0000001C
CCPR2L                            0000001B
CENT                              00000021
CHS0                              00000003
CHS1                              00000004
CHS2                              00000005
MPASM  5.42                    CRONOMETRO.ASM   4-27-2019  12:15:32         PAGE  4


SYMBOL TABLE
  LABEL                             VALUE 

CIS                               00000003
CKE                               00000006
CKP                               00000004
CM0                               00000000
CM1                               00000001
CM2                               00000002
CMCON                             0000009C
CMIE                              00000006
CMIF                              00000006
CONT1                             00000023
CONT2                             00000024
CONTCENT                          00000022
CREN                              00000004
CSRC                              00000007
CVR0                              00000000
CVR1                              00000001
CVR2                              00000002
CVR3                              00000003
CVRCON                            0000009D
CVREN                             00000007
CVROE                             00000006
CVRR                              00000005
D                                 00000005
DATA_ADDRESS                      00000005
DC                                00000001
D_A                               00000005
D_NOT_A                           00000005
EEADR                             0000010D
EEADRH                            0000010F
EECON1                            0000018C
EECON2                            0000018D
EEDATA                            0000010C
EEDATH                            0000010E
EEIE                              00000004
EEIF                              00000004
EEPGD                             00000007
F                                 00000001
FERR                              00000002
FSR                               00000004
GCEN                              00000007
GIE                               00000007
GO                                00000002
GO_DONE                           00000002
GO_NOT_DONE                       00000002
I2C_DATA                          00000005
I2C_READ                          00000002
I2C_START                         00000003
I2C_STOP                          00000004
INDF                              00000000
INTCON                            0000000B
INTE                              00000004
INTEDG                            00000006
INTF                              00000001
MPASM  5.42                    CRONOMETRO.ASM   4-27-2019  12:15:32         PAGE  5


SYMBOL TABLE
  LABEL                             VALUE 

IRP                               00000007
NOT_A                             00000005
NOT_ADDRESS                       00000005
NOT_BO                            00000000
NOT_BOR                           00000000
NOT_DONE                          00000002
NOT_PD                            00000003
NOT_POR                           00000001
NOT_RBPU                          00000007
NOT_RC8                           00000006
NOT_T1SYNC                        00000002
NOT_TO                            00000004
NOT_TX8                           00000006
NOT_W                             00000002
NOT_WRITE                         00000002
OERR                              00000001
OPTION_REG                        00000081
P                                 00000004
PCFG0                             00000000
PCFG1                             00000001
PCFG2                             00000002
PCFG3                             00000003
PCL                               00000002
PCLATH                            0000000A
PCON                              0000008E
PEIE                              00000006
PEN                               00000002
PIE1                              0000008C
PIE2                              0000008D
PIR1                              0000000C
PIR2                              0000000D
PORTA                             00000005
PORTB                             00000006
PORTC                             00000007
PR2                               00000092
PS0                               00000000
PS1                               00000001
PS2                               00000002
PSA                               00000003
R                                 00000002
RA0                               00000000
RA1                               00000001
RA2                               00000002
RA3                               00000003
RA4                               00000004
RA5                               00000005
RB0                               00000000
RB1                               00000001
RB2                               00000002
RB3                               00000003
RB4                               00000004
RB5                               00000005
RB6                               00000006
MPASM  5.42                    CRONOMETRO.ASM   4-27-2019  12:15:32         PAGE  6


SYMBOL TABLE
  LABEL                             VALUE 

RB7                               00000007
RBIE                              00000003
RBIF                              00000000
RC0                               00000000
RC1                               00000001
RC2                               00000002
RC3                               00000003
RC4                               00000004
RC5                               00000005
RC6                               00000006
RC7                               00000007
RC8_9                             00000006
RC9                               00000006
RCD8                              00000000
RCEN                              00000003
RCIE                              00000005
RCIF                              00000005
RCREG                             0000001A
RCSTA                             00000018
RD                                00000000
READ_WRITE                        00000002
RP0                               00000005
RP1                               00000006
RSEN                              00000001
RX9                               00000006
RX9D                              00000000
R_NOT_W                           00000002
R_W                               00000002
S                                 00000003
SEG                               00000020
SEN                               00000000
SMP                               00000007
SPBRG                             00000099
SPEN                              00000007
SREN                              00000005
SSPADD                            00000093
SSPBUF                            00000013
SSPCON                            00000014
SSPCON2                           00000091
SSPEN                             00000005
SSPIE                             00000003
SSPIF                             00000003
SSPM0                             00000000
SSPM1                             00000001
SSPM2                             00000002
SSPM3                             00000003
SSPOV                             00000006
SSPSTAT                           00000094
STATUS                            00000003
SYNC                              00000004
T0CS                              00000005
T0IE                              00000005
T0IF                              00000002
MPASM  5.42                    CRONOMETRO.ASM   4-27-2019  12:15:32         PAGE  7


SYMBOL TABLE
  LABEL                             VALUE 

T0SE                              00000004
T1CKPS0                           00000004
T1CKPS1                           00000005
T1CON                             00000010
T1INSYNC                          00000002
T1OSCEN                           00000003
T1SYNC                            00000002
T2CKPS0                           00000000
T2CKPS1                           00000001
T2CON                             00000012
TMR0                              00000001
TMR0IE                            00000005
TMR0IF                            00000002
TMR1CS                            00000001
TMR1H                             0000000F
TMR1IE                            00000000
TMR1IF                            00000000
TMR1L                             0000000E
TMR1ON                            00000000
TMR2                              00000011
TMR2IE                            00000001
TMR2IF                            00000001
TMR2ON                            00000002
TOUTPS0                           00000003
TOUTPS1                           00000004
TOUTPS2                           00000005
TOUTPS3                           00000006
TRISA                             00000085
TRISA0                            00000000
TRISA1                            00000001
TRISA2                            00000002
TRISA3                            00000003
TRISA4                            00000004
TRISA5                            00000005
TRISB                             00000086
TRISB0                            00000000
TRISB1                            00000001
TRISB2                            00000002
TRISB3                            00000003
TRISB4                            00000004
TRISB5                            00000005
TRISB6                            00000006
TRISB7                            00000007
TRISC                             00000087
TRISC0                            00000000
TRISC1                            00000001
TRISC2                            00000002
TRISC3                            00000003
TRISC4                            00000004
TRISC5                            00000005
TRISC6                            00000006
TRISC7                            00000007
TRMT                              00000001
MPASM  5.42                    CRONOMETRO.ASM   4-27-2019  12:15:32         PAGE  8


SYMBOL TABLE
  LABEL                             VALUE 

TX8_9                             00000006
TX9                               00000006
TX9D                              00000000
TXD8                              00000000
TXEN                              00000005
TXIE                              00000004
TXIF                              00000004
TXREG                             00000019
TXSTA                             00000098
UA                                00000001
W                                 00000000
WCOL                              00000007
WR                                00000001
WREN                              00000002
WRERR                             00000003
Z                                 00000002
_BODEN_OFF                        00003FBF
_BODEN_ON                         00003FFF
_CONFIG                           00002007
_CPD_OFF                          00003FFF
_CPD_ON                           00003EFF
_CP_ALL                           00001FFF
_CP_OFF                           00003FFF
_DEBUG_OFF                        00003FFF
_DEBUG_ON                         000037FF
_DEVID1                           00002006
_HS_OSC                           00003FFE
_IDLOC0                           00002000
_IDLOC1                           00002001
_IDLOC2                           00002002
_IDLOC3                           00002003
_LP_OSC                           00003FFC
_LVP_OFF                          00003F7F
_LVP_ON                           00003FFF
_PWRTE_OFF                        00003FFF
_PWRTE_ON                         00003FF7
_RC_OSC                           00003FFF
_WDT_OFF                          00003FFB
_WDT_ON                           00003FFF
_WRT_1FOURTH                      00003BFF
_WRT_256                          00003DFF
_WRT_HALF                         000039FF
_WRT_OFF                          00003FFF
_XT_OSC                           00003FFD
__16F876A                         00000001
__DEBUG                           1
bucle_retardo                     0000000F
ciclo1                            00000013
ciclo2                            00000011
dec_cent                          00000007
inicio                            00000005
main                              00000009
MPASM  5.42                    CRONOMETRO.ASM   4-27-2019  12:15:32         PAGE  9


MEMORY USAGE MAP ('X' = Used,  '-' = Unused)


0000 : X----XXXXXXXXXXX XXXXXXXXX------- ---------------- ----------------
2000 : -------X-------- ---------------- ---------------- ----------------

All other memory blocks unused.

Program Memory Words Used:    21
Program Memory Words Free:  8171


Errors   :     0
Warnings :     2 reported,     0 suppressed
Messages :     0 reported,     0 suppressed

