C:\USERS\JAKE\DESKTOP\TUMBLE TRACKER VERSIONS\WEB CAM DEMO PROJECTS\WEB CAM BLOG\SOURCE RELEASE\WEBCAMLIB\BIN\DEBUG\.NETFRAMEWORK,VERSION=V4.0.ASSEMBLYATTRIBUTES.OBJ
C:\Users\jake\Desktop\Tumble Tracker Versions\Web Cam Demo Projects\Web Cam Blog\source release\WebCamLib\bin\Debug\cl.command.1.tlog
C:\Users\jake\Desktop\Tumble Tracker Versions\Web Cam Demo Projects\Web Cam Blog\source release\WebCamLib\bin\Debug\CL.read.1.tlog
C:\Users\jake\Desktop\Tumble Tracker Versions\Web Cam Demo Projects\Web Cam Blog\source release\WebCamLib\bin\Debug\CL.write.1.tlog
C:\Users\jake\Desktop\Tumble Tracker Versions\Web Cam Demo Projects\Web Cam Blog\source release\WebCamLib\bin\Debug\link.2912.read.1.tlog
C:\Users\jake\Desktop\Tumble Tracker Versions\Web Cam Demo Projects\Web Cam Blog\source release\WebCamLib\bin\Debug\link.2912.write.1.tlog
C:\Users\jake\Desktop\Tumble Tracker Versions\Web Cam Demo Projects\Web Cam Blog\source release\WebCamLib\bin\Debug\link.command.1.tlog
C:\Users\jake\Desktop\Tumble Tracker Versions\Web Cam Demo Projects\Web Cam Blog\source release\WebCamLib\bin\Debug\link.read.1.tlog
C:\Users\jake\Desktop\Tumble Tracker Versions\Web Cam Demo Projects\Web Cam Blog\source release\WebCamLib\bin\Debug\link.write.1.tlog
C:\Users\jake\Desktop\Tumble Tracker Versions\Web Cam Demo Projects\Web Cam Blog\source release\WebCamLib\bin\Debug\metagen.read.1.tlog
C:\Users\jake\Desktop\Tumble Tracker Versions\Web Cam Demo Projects\Web Cam Blog\source release\WebCamLib\bin\Debug\metagen.write.1.tlog
C:\Users\jake\Desktop\Tumble Tracker Versions\Web Cam Demo Projects\Web Cam Blog\source release\WebCamLib\bin\Debug\mt.command.1.tlog
C:\Users\jake\Desktop\Tumble Tracker Versions\Web Cam Demo Projects\Web Cam Blog\source release\WebCamLib\bin\Debug\mt.read.1.tlog
C:\Users\jake\Desktop\Tumble Tracker Versions\Web Cam Demo Projects\Web Cam Blog\source release\WebCamLib\bin\Debug\mt.write.1.tlog
C:\Users\jake\Desktop\Tumble Tracker Versions\Web Cam Demo Projects\Web Cam Blog\source release\WebCamLib\bin\Debug\RSAENH.DLL.bi
C:\Users\jake\Desktop\Tumble Tracker Versions\Web Cam Demo Projects\Web Cam Blog\source release\WebCamLib\bin\Debug\TZRES.DLL.bi
C:\USERS\JAKE\DESKTOP\TUMBLE TRACKER VERSIONS\WEB CAM DEMO PROJECTS\WEB CAM BLOG\SOURCE RELEASE\WEBCAMLIB\BIN\DEBUG\VC100.PDB
C:\USERS\JAKE\DESKTOP\TUMBLE TRACKER VERSIONS\WEB CAM DEMO PROJECTS\WEB CAM BLOG\SOURCE RELEASE\WEBCAMLIB\BIN\DEBUG\WEBCAMLIB.DLL
C:\USERS\JAKE\DESKTOP\TUMBLE TRACKER VERSIONS\WEB CAM DEMO PROJECTS\WEB CAM BLOG\SOURCE RELEASE\WEBCAMLIB\BIN\DEBUG\WEBCAMLIB.DLL.INTERMEDIATE.MANIFEST
C:\Users\jake\Desktop\Tumble Tracker Versions\Web Cam Demo Projects\Web Cam Blog\source release\WebCamLib\bin\Debug\WebCamLib.dll.metagen
C:\USERS\JAKE\DESKTOP\TUMBLE TRACKER VERSIONS\WEB CAM DEMO PROJECTS\WEB CAM BLOG\SOURCE RELEASE\WEBCAMLIB\BIN\DEBUG\WEBCAMLIB.ILK
C:\USERS\JAKE\DESKTOP\TUMBLE TRACKER VERSIONS\WEB CAM DEMO PROJECTS\WEB CAM BLOG\SOURCE RELEASE\WEBCAMLIB\BIN\DEBUG\WEBCAMLIB.OBJ
C:\USERS\JAKE\DESKTOP\TUMBLE TRACKER VERSIONS\WEB CAM DEMO PROJECTS\WEB CAM BLOG\SOURCE RELEASE\WEBCAMLIB\BIN\DEBUG\WEBCAMLIB.PDB
C:\Users\jake\Desktop\Tumble Tracker Versions\Web Cam Demo Projects\Web Cam Blog\source release\WebCamLib\bin\Debug\WebCamLib.write.1.tlog
