MPASM  5.42                            E5.ASM   4-27-2019  15:06:28         PAGE  1


LOC  OBJECT CODE     LINE SOURCE TEXT
  VALUE

                      00001 ;-------------------------------------------------------
                      00002                         LIST p=16F876A
                      00003                         INCLUDE "p16f876a.inc"
                      00001         LIST
                      00002 
                      00003 ;==========================================================================
                      00004 ;  MPASM PIC16F876A processor include
                      00005 ; 
                      00006 ;  (c) Copyright 1999-2011 Microchip Technology, All rights reserved
                      00007 ;==========================================================================
                      00008 
                      00513         LIST
2007   3F79           00004                         __CONFIG _XT_OSC & _WDT_OFF & _LVP_OFF
                      00005 ;-------------------------------------------------------
  00000020            00006 CONT1       EQU     0x20    
  00000021            00007 CONT2       EQU     0x21
  00000023            00008 CENTESI     EQU     0x23
  00000024            00009 SEGUNDOS    EQU     0x24
  00000025            00010 CONT3       EQU     0x25
  00000026            00011 VALORC      EQU     0x26
  00000027            00012 XOR             EQU     0x27
                      00013 ;-------------------------------------------------------
0000                  00014                         ORG 0
0000   2805           00015                         goto inicio
                      00016         
0004                  00017                         ORG 4
0004   2811           00018                         goto ISR
0005                  00019                         ORG 5
                      00020 ;-------------------------------------------------------
                      00021 
0005                  00022 inicio
0005   1683           00023                         BSF     STATUS, RP0 ; Cambiamos al banco 1
                      00024         
Message[302]: Register in operand not in bank 0.  Ensure that bank bits are correct.
0006   0187           00025                         CLRF    TRISC ; Ponemos todo PORTC como salida
0007   30FF           00026                         MOVLW   b'11111111'
Message[302]: Register in operand not in bank 0.  Ensure that bank bits are correct.
0008   0086           00027                         MOVWF   TRISB
                      00028         
0009   1283           00029                         BCF     STATUS, RP0 ; Cambiamos al banco 0
                      00030         
000A   3000           00031                         MOVLW   .0
000B   0087           00032                         MOVWF   PORTC ; Inicializamos PORTC a 0
000C   0806           00033                         MOVF    PORTB,0 ; Copiamos el valor de PORTB en WREG
000D   00A6           00034                         MOVWF   VALORC ; Copiamos WREG en VALORC
                      00035         
000E   178B           00036                         BSF     INTCON, GIE ; Habilitamos el BIT de interrupciones - PAGINA 20 del manua
                            l resumido
000F   158B           00037                         BSF     INTCON, RBIE ; Habilitamos el BIT de interrupciones del puerto RB - PAGI
                            NA 20 del manual resumido
                      00038 
0010                  00039 main
0010   2810           00040                         goto main
MPASM  5.42                            E5.ASM   4-27-2019  15:06:28         PAGE  2


LOC  OBJECT CODE     LINE SOURCE TEXT
  VALUE

                      00041 ;-------------------------------------------------------
0011                  00042 ISR
0011   2028           00043                         CALL bucle_retardo ;Llamamos al bucle de retardo
                      00044         
0012   0806           00045                         MOVF    PORTB,0 ; Copiamos PORTB en WREG
0013   0626           00046                         XORWF   VALORC,0 ; Hacemos la XOR de WREG con VALORC
0014   00A7           00047                         MOVWF   XOR ; Copiamos el resultado en XOR
                      00048         
0015   0806           00049                         MOVF    PORTB,0 ; Copiamos PORTB en WREG
0016   00A6           00050                         MOVWF   VALORC ; Copiamos WREG en VALORC
0017   100B           00051                         BCF             INTCON, RBIF ; Borramos el FLAG de interrupción
                      00052         
0018   1A27           00053                         BTFSC   XOR,4 ; Si el BIT 4 de XOR es 0 saltamos la instrucción
0019   281F           00054                         goto    sumar
001A   1AA7           00055                         BTFSC   XOR,5 ; Si el BIT 5 de XOR es 0 saltamos la instrucción
001B   2822           00056                         goto    restar
001C   1B27           00057                         BTFSC   XOR,6 ; Si el BIT 6 de XOR es 0 saltamos la instrucción
001D   2825           00058                         goto    reseteo
Warning[203]: Found opcode in column 1. (RETFIE)
001E   0009           00059 RETFIE
                      00060 ;-------------------------------------------------------
                      00061 
001F                  00062 sumar
001F   1E06           00063                         BTFSS   PORTB,4 ; Comprobamos el BIT 4 de PORTB para ver si está presionado
0020   0A87           00064                         INCF    PORTC,1 ; Incrementamos en 1 el valor de PORTC y lo guardamos sobre él m
                            ismo
Warning[203]: Found opcode in column 1. (RETFIE)
0021   0009           00065 RETFIE
                      00066 
0022                  00067 restar
0022   1A86           00068                         BTFSC   PORTB,5  ; Comprobamos el BIT 5 de PORTB para ver si hemos soltado ya el
                             pulsador
0023   0387           00069                         DECF    PORTC,1 ; Decrementamos en 1 el valor de PORTC y lo guardamos sobre él m
                            ismo
Warning[203]: Found opcode in column 1. (RETFIE)
0024   0009           00070 RETFIE
                      00071 
0025                  00072 reseteo
0025   1F06           00073                         BTFSS   PORTB,6  ; Comprobamos el BIT 6 de PORTB para ver si está presionado
0026   0187           00074                         CLRF    PORTC ; Borramos PORTC
Warning[203]: Found opcode in column 1. (RETFIE)
0027   0009           00075 RETFIE
                      00076 
                      00077 
                      00078 ; Bucle de retardo del ejercicio 2 de la práctica 1 (Está ajustado a 30ms)
0028                  00079 bucle_retardo
0028   3003           00080             MOVLW   .3
0029   00A5           00081             MOVWF   CONT3
                      00082            
002A                  00083 centesi
002A   3028           00084             MOVLW   .40
002B   00A0           00085             MOVWF   CONT1
                      00086            
MPASM  5.42                            E5.ASM   4-27-2019  15:06:28         PAGE  3


LOC  OBJECT CODE     LINE SOURCE TEXT
  VALUE

002C                  00087 retardo
002C   0BA0           00088             DECFSZ  CONT1, 1
                      00089  
002D   282C           00090                 goto    retardo
002E   0000           00091             NOP
002F   0BA1           00092             DECFSZ  CONT2, 1
                      00093  
0030   282A           00094                 goto    centesi
0031   0AA3           00095             INCF    CENTESI,1
0032   0BA5           00096             DECFSZ  CONT3, 1
                      00097  
Warning[203]: Found opcode in column 1. (RETURN)
0033   0008           00098 RETURN
                      00099 
Warning[205]: Found directive in column 1. (END)
                      00100 END
MPASM  5.42                            E5.ASM   4-27-2019  15:06:28         PAGE  4


SYMBOL TABLE
  LABEL                             VALUE 

ACKDT                             00000005
ACKEN                             00000004
ACKSTAT                           00000006
ADCON0                            0000001F
ADCON1                            0000009F
ADCS0                             00000006
ADCS1                             00000007
ADCS2                             00000006
ADDEN                             00000003
ADFM                              00000007
ADIE                              00000006
ADIF                              00000006
ADON                              00000000
ADRESH                            0000001E
ADRESL                            0000009E
BCLIE                             00000003
BCLIF                             00000003
BF                                00000000
BRGH                              00000002
C                                 00000000
C1INV                             00000004
C1OUT                             00000006
C2INV                             00000005
C2OUT                             00000007
CCP1CON                           00000017
CCP1IE                            00000002
CCP1IF                            00000002
CCP1M0                            00000000
CCP1M1                            00000001
CCP1M2                            00000002
CCP1M3                            00000003
CCP1X                             00000005
CCP1Y                             00000004
CCP2CON                           0000001D
CCP2IE                            00000000
CCP2IF                            00000000
CCP2M0                            00000000
CCP2M1                            00000001
CCP2M2                            00000002
CCP2M3                            00000003
CCP2X                             00000005
CCP2Y                             00000004
CCPR1                             00000015
CCPR1H                            00000016
CCPR1L                            00000015
CCPR2                             0000001B
CCPR2H                            0000001C
CCPR2L                            0000001B
CENTESI                           00000023
CHS0                              00000003
CHS1                              00000004
CHS2                              00000005
CIS                               00000003
MPASM  5.42                            E5.ASM   4-27-2019  15:06:28         PAGE  5


SYMBOL TABLE
  LABEL                             VALUE 

CKE                               00000006
CKP                               00000004
CM0                               00000000
CM1                               00000001
CM2                               00000002
CMCON                             0000009C
CMIE                              00000006
CMIF                              00000006
CONT1                             00000020
CONT2                             00000021
CONT3                             00000025
CREN                              00000004
CSRC                              00000007
CVR0                              00000000
CVR1                              00000001
CVR2                              00000002
CVR3                              00000003
CVRCON                            0000009D
CVREN                             00000007
CVROE                             00000006
CVRR                              00000005
D                                 00000005
DATA_ADDRESS                      00000005
DC                                00000001
D_A                               00000005
D_NOT_A                           00000005
EEADR                             0000010D
EEADRH                            0000010F
EECON1                            0000018C
EECON2                            0000018D
EEDATA                            0000010C
EEDATH                            0000010E
EEIE                              00000004
EEIF                              00000004
EEPGD                             00000007
F                                 00000001
FERR                              00000002
FSR                               00000004
GCEN                              00000007
GIE                               00000007
GO                                00000002
GO_DONE                           00000002
GO_NOT_DONE                       00000002
I2C_DATA                          00000005
I2C_READ                          00000002
I2C_START                         00000003
I2C_STOP                          00000004
INDF                              00000000
INTCON                            0000000B
INTE                              00000004
INTEDG                            00000006
INTF                              00000001
IRP                               00000007
MPASM  5.42                            E5.ASM   4-27-2019  15:06:28         PAGE  6


SYMBOL TABLE
  LABEL                             VALUE 

ISR                               00000011
NOT_A                             00000005
NOT_ADDRESS                       00000005
NOT_BO                            00000000
NOT_BOR                           00000000
NOT_DONE                          00000002
NOT_PD                            00000003
NOT_POR                           00000001
NOT_RBPU                          00000007
NOT_RC8                           00000006
NOT_T1SYNC                        00000002
NOT_TO                            00000004
NOT_TX8                           00000006
NOT_W                             00000002
NOT_WRITE                         00000002
OERR                              00000001
OPTION_REG                        00000081
P                                 00000004
PCFG0                             00000000
PCFG1                             00000001
PCFG2                             00000002
PCFG3                             00000003
PCL                               00000002
PCLATH                            0000000A
PCON                              0000008E
PEIE                              00000006
PEN                               00000002
PIE1                              0000008C
PIE2                              0000008D
PIR1                              0000000C
PIR2                              0000000D
PORTA                             00000005
PORTB                             00000006
PORTC                             00000007
PR2                               00000092
PS0                               00000000
PS1                               00000001
PS2                               00000002
PSA                               00000003
R                                 00000002
RA0                               00000000
RA1                               00000001
RA2                               00000002
RA3                               00000003
RA4                               00000004
RA5                               00000005
RB0                               00000000
RB1                               00000001
RB2                               00000002
RB3                               00000003
RB4                               00000004
RB5                               00000005
RB6                               00000006
MPASM  5.42                            E5.ASM   4-27-2019  15:06:28         PAGE  7


SYMBOL TABLE
  LABEL                             VALUE 

RB7                               00000007
RBIE                              00000003
RBIF                              00000000
RC0                               00000000
RC1                               00000001
RC2                               00000002
RC3                               00000003
RC4                               00000004
RC5                               00000005
RC6                               00000006
RC7                               00000007
RC8_9                             00000006
RC9                               00000006
RCD8                              00000000
RCEN                              00000003
RCIE                              00000005
RCIF                              00000005
RCREG                             0000001A
RCSTA                             00000018
RD                                00000000
READ_WRITE                        00000002
RP0                               00000005
RP1                               00000006
RSEN                              00000001
RX9                               00000006
RX9D                              00000000
R_NOT_W                           00000002
R_W                               00000002
S                                 00000003
SEGUNDOS                          00000024
SEN                               00000000
SMP                               00000007
SPBRG                             00000099
SPEN                              00000007
SREN                              00000005
SSPADD                            00000093
SSPBUF                            00000013
SSPCON                            00000014
SSPCON2                           00000091
SSPEN                             00000005
SSPIE                             00000003
SSPIF                             00000003
SSPM0                             00000000
SSPM1                             00000001
SSPM2                             00000002
SSPM3                             00000003
SSPOV                             00000006
SSPSTAT                           00000094
STATUS                            00000003
SYNC                              00000004
T0CS                              00000005
T0IE                              00000005
T0IF                              00000002
MPASM  5.42                            E5.ASM   4-27-2019  15:06:28         PAGE  8


SYMBOL TABLE
  LABEL                             VALUE 

T0SE                              00000004
T1CKPS0                           00000004
T1CKPS1                           00000005
T1CON                             00000010
T1INSYNC                          00000002
T1OSCEN                           00000003
T1SYNC                            00000002
T2CKPS0                           00000000
T2CKPS1                           00000001
T2CON                             00000012
TMR0                              00000001
TMR0IE                            00000005
TMR0IF                            00000002
TMR1CS                            00000001
TMR1H                             0000000F
TMR1IE                            00000000
TMR1IF                            00000000
TMR1L                             0000000E
TMR1ON                            00000000
TMR2                              00000011
TMR2IE                            00000001
TMR2IF                            00000001
TMR2ON                            00000002
TOUTPS0                           00000003
TOUTPS1                           00000004
TOUTPS2                           00000005
TOUTPS3                           00000006
TRISA                             00000085
TRISA0                            00000000
TRISA1                            00000001
TRISA2                            00000002
TRISA3                            00000003
TRISA4                            00000004
TRISA5                            00000005
TRISB                             00000086
TRISB0                            00000000
TRISB1                            00000001
TRISB2                            00000002
TRISB3                            00000003
TRISB4                            00000004
TRISB5                            00000005
TRISB6                            00000006
TRISB7                            00000007
TRISC                             00000087
TRISC0                            00000000
TRISC1                            00000001
TRISC2                            00000002
TRISC3                            00000003
TRISC4                            00000004
TRISC5                            00000005
TRISC6                            00000006
TRISC7                            00000007
TRMT                              00000001
MPASM  5.42                            E5.ASM   4-27-2019  15:06:28         PAGE  9


SYMBOL TABLE
  LABEL                             VALUE 

TX8_9                             00000006
TX9                               00000006
TX9D                              00000000
TXD8                              00000000
TXEN                              00000005
TXIE                              00000004
TXIF                              00000004
TXREG                             00000019
TXSTA                             00000098
UA                                00000001
VALORC                            00000026
W                                 00000000
WCOL                              00000007
WR                                00000001
WREN                              00000002
WRERR                             00000003
XOR                               00000027
Z                                 00000002
_BODEN_OFF                        00003FBF
_BODEN_ON                         00003FFF
_CONFIG                           00002007
_CPD_OFF                          00003FFF
_CPD_ON                           00003EFF
_CP_ALL                           00001FFF
_CP_OFF                           00003FFF
_DEBUG_OFF                        00003FFF
_DEBUG_ON                         000037FF
_DEVID1                           00002006
_HS_OSC                           00003FFE
_IDLOC0                           00002000
_IDLOC1                           00002001
_IDLOC2                           00002002
_IDLOC3                           00002003
_LP_OSC                           00003FFC
_LVP_OFF                          00003F7F
_LVP_ON                           00003FFF
_PWRTE_OFF                        00003FFF
_PWRTE_ON                         00003FF7
_RC_OSC                           00003FFF
_WDT_OFF                          00003FFB
_WDT_ON                           00003FFF
_WRT_1FOURTH                      00003BFF
_WRT_256                          00003DFF
_WRT_HALF                         000039FF
_WRT_OFF                          00003FFF
_XT_OSC                           00003FFD
__16F876A                         00000001
__DEBUG                           1
bucle_retardo                     00000028
centesi                           0000002A
inicio                            00000005
main                              00000010
reseteo                           00000025
MPASM  5.42                            E5.ASM   4-27-2019  15:06:28         PAGE 10


SYMBOL TABLE
  LABEL                             VALUE 

restar                            00000022
retardo                           0000002C
sumar                             0000001F


MEMORY USAGE MAP ('X' = Used,  '-' = Unused)

0000 : X---XXXXXXXXXXXX XXXXXXXXXXXXXXXX XXXXXXXXXXXXXXXX XXXX------------
2000 : -------X-------- ---------------- ---------------- ----------------

All other memory blocks unused.

Program Memory Words Used:    49
Program Memory Words Free:  8143


Errors   :     0
Warnings :     6 reported,     0 suppressed
Messages :     2 reported,     0 suppressed

