--------------------------------------------------------------------------------
Release 14.7 Trace  (nt64)
Copyright (c) 1995-2013 Xilinx, Inc.  All rights reserved.

C:\Xilinx\14.7\ISE_DS\ISE\bin\nt64\unwrapped\trce.exe -intstyle ise -v 3 -s 4
-n 3 -fastpaths -xml mult_sec_mod.twx mult_sec_mod.ncd -o mult_sec_mod.twr
mult_sec_mod.pcf

Design file:              mult_sec_mod.ncd
Physical constraint file: mult_sec_mod.pcf
Device,package,speed:     xc3s500e,fg320,-4 (PRODUCTION 1.27 2013-10-13)
Report level:             verbose report

Environment Variable      Effect 
--------------------      ------ 
NONE                      No environment variables were set
--------------------------------------------------------------------------------

INFO:Timing:2698 - No timing constraints found, doing default enumeration.
INFO:Timing:3412 - To improve timing, see the Timing Closure User Guide (UG612).
INFO:Timing:2752 - To get complete path coverage, use the unconstrained paths 
   option. All paths that are not constrained will be reported in the 
   unconstrained paths section(s) of the report.
INFO:Timing:3339 - The clock-to-out numbers in this timing report are based on 
   a 50 Ohm transmission line loading model.  For the details of this model, 
   and for more information on accounting for different loading conditions, 
   please see the device datasheet.
INFO:Timing:3390 - This architecture does not support a default System Jitter 
   value, please add SYSTEM_JITTER constraint to the UCF to modify the Clock 
   Uncertainty calculation.
INFO:Timing:3389 - This architecture does not support 'Discrete Jitter' and 
   'Phase Error' calculations, these terms will be zero in the Clock 
   Uncertainty calculation.  Please make appropriate modification to 
   SYSTEM_JITTER to account for the unsupported Discrete Jitter and Phase 
   Error.



Data Sheet report:
-----------------
All values displayed in nanoseconds (ns)

Setup/Hold to clock clk
------------+------------+------------+------------------+--------+
            |Max Setup to|Max Hold to |                  | Clock  |
Source      | clk (edge) | clk (edge) |Internal Clock(s) | Phase  |
------------+------------+------------+------------------+--------+
I           |    6.000(R)|    0.164(R)|clk_BUFGP         |   0.000|
inbus_M<0>  |    0.403(R)|    0.890(R)|clk_BUFGP         |   0.000|
inbus_M<1>  |    0.792(R)|    0.579(R)|clk_BUFGP         |   0.000|
inbus_M<2>  |    0.836(R)|    0.545(R)|clk_BUFGP         |   0.000|
inbus_M<3>  |    0.894(R)|    0.498(R)|clk_BUFGP         |   0.000|
inbus_M<4>  |    0.348(R)|    0.936(R)|clk_BUFGP         |   0.000|
inbus_M<5>  |    0.456(R)|    0.848(R)|clk_BUFGP         |   0.000|
inbus_M<6>  |    0.529(R)|    0.791(R)|clk_BUFGP         |   0.000|
inbus_M<7>  |    0.198(R)|    1.056(R)|clk_BUFGP         |   0.000|
inbus_M<8>  |    0.353(R)|    0.929(R)|clk_BUFGP         |   0.000|
inbus_M<9>  |    0.527(R)|    0.791(R)|clk_BUFGP         |   0.000|
inbus_M<10> |    0.062(R)|    1.163(R)|clk_BUFGP         |   0.000|
inbus_M<11> |    0.215(R)|    1.040(R)|clk_BUFGP         |   0.000|
inbus_M<12> |    0.335(R)|    0.944(R)|clk_BUFGP         |   0.000|
inbus_M<13> |    0.317(R)|    0.958(R)|clk_BUFGP         |   0.000|
inbus_M<14> |    0.611(R)|    0.721(R)|clk_BUFGP         |   0.000|
inbus_M<15> |    0.563(R)|    0.760(R)|clk_BUFGP         |   0.000|
inbus_M<16> |    0.078(R)|    1.146(R)|clk_BUFGP         |   0.000|
inbus_M<17> |    0.060(R)|    1.160(R)|clk_BUFGP         |   0.000|
inbus_M<18> |    0.622(R)|    0.711(R)|clk_BUFGP         |   0.000|
inbus_M<19> |    0.302(R)|    0.966(R)|clk_BUFGP         |   0.000|
inbus_M<20> |    0.341(R)|    0.935(R)|clk_BUFGP         |   0.000|
inbus_M<21> |    1.129(R)|    0.304(R)|clk_BUFGP         |   0.000|
inbus_M<22> |    0.335(R)|    0.940(R)|clk_BUFGP         |   0.000|
inbus_M<23> |    0.815(R)|    0.557(R)|clk_BUFGP         |   0.000|
inbus_M<24> |    0.318(R)|    0.954(R)|clk_BUFGP         |   0.000|
inbus_M<25> |    0.546(R)|    0.772(R)|clk_BUFGP         |   0.000|
inbus_M<26> |    1.376(R)|    0.110(R)|clk_BUFGP         |   0.000|
inbus_M<27> |    0.647(R)|    0.693(R)|clk_BUFGP         |   0.000|
inbus_M<28> |    0.837(R)|    0.541(R)|clk_BUFGP         |   0.000|
inbus_M<29> |    0.611(R)|    0.721(R)|clk_BUFGP         |   0.000|
inbus_M<30> |    0.678(R)|    0.670(R)|clk_BUFGP         |   0.000|
inbus_M<31> |    0.660(R)|    0.685(R)|clk_BUFGP         |   0.000|
inbus_Q<0>  |    1.188(R)|    0.267(R)|clk_BUFGP         |   0.000|
inbus_Q<1>  |    0.755(R)|    0.614(R)|clk_BUFGP         |   0.000|
inbus_Q<2>  |    0.865(R)|    0.520(R)|clk_BUFGP         |   0.000|
inbus_Q<3>  |    0.489(R)|    0.821(R)|clk_BUFGP         |   0.000|
inbus_Q<4>  |    0.859(R)|    0.527(R)|clk_BUFGP         |   0.000|
inbus_Q<5>  |    0.656(R)|    0.689(R)|clk_BUFGP         |   0.000|
inbus_Q<6>  |    0.751(R)|    0.612(R)|clk_BUFGP         |   0.000|
inbus_Q<7>  |    0.223(R)|    1.035(R)|clk_BUFGP         |   0.000|
inbus_Q<8>  |    0.203(R)|    1.056(R)|clk_BUFGP         |   0.000|
inbus_Q<9>  |    2.122(R)|   -0.479(R)|clk_BUFGP         |   0.000|
inbus_Q<10> |    0.379(R)|    0.915(R)|clk_BUFGP         |   0.000|
inbus_Q<11> |    0.429(R)|    0.876(R)|clk_BUFGP         |   0.000|
inbus_Q<12> |    1.181(R)|    0.274(R)|clk_BUFGP         |   0.000|
inbus_Q<13> |    0.392(R)|    0.905(R)|clk_BUFGP         |   0.000|
inbus_Q<14> |    1.784(R)|   -0.210(R)|clk_BUFGP         |   0.000|
inbus_Q<15> |    0.913(R)|    0.486(R)|clk_BUFGP         |   0.000|
inbus_Q<16> |    0.807(R)|    0.572(R)|clk_BUFGP         |   0.000|
inbus_Q<17> |    1.170(R)|    0.282(R)|clk_BUFGP         |   0.000|
inbus_Q<18> |    1.110(R)|    0.330(R)|clk_BUFGP         |   0.000|
inbus_Q<19> |    0.264(R)|    1.007(R)|clk_BUFGP         |   0.000|
inbus_Q<20> |    0.109(R)|    1.131(R)|clk_BUFGP         |   0.000|
inbus_Q<21> |    0.959(R)|    0.451(R)|clk_BUFGP         |   0.000|
inbus_Q<22> |    0.734(R)|    0.631(R)|clk_BUFGP         |   0.000|
inbus_Q<23> |    0.784(R)|    0.591(R)|clk_BUFGP         |   0.000|
inbus_Q<24> |    0.121(R)|    1.117(R)|clk_BUFGP         |   0.000|
inbus_Q<25> |    0.203(R)|    1.052(R)|clk_BUFGP         |   0.000|
inbus_Q<26> |    0.541(R)|    0.781(R)|clk_BUFGP         |   0.000|
inbus_Q<27> |    0.489(R)|    0.822(R)|clk_BUFGP         |   0.000|
inbus_Q<28> |    0.742(R)|    0.620(R)|clk_BUFGP         |   0.000|
inbus_Q<29> |    0.125(R)|    1.114(R)|clk_BUFGP         |   0.000|
inbus_Q<30> |    0.900(R)|    0.492(R)|clk_BUFGP         |   0.000|
inbus_Q<31> |    0.895(R)|    0.496(R)|clk_BUFGP         |   0.000|
------------+------------+------------+------------------+--------+

Clock clk to Pad
------------+------------+------------------+--------+
            | clk (edge) |                  | Clock  |
Destination |   to PAD   |Internal Clock(s) | Phase  |
------------+------------+------------------+--------+
outbus<0>   |    7.855(R)|clk_BUFGP         |   0.000|
outbus<1>   |    7.816(R)|clk_BUFGP         |   0.000|
outbus<2>   |    7.232(R)|clk_BUFGP         |   0.000|
outbus<3>   |    7.718(R)|clk_BUFGP         |   0.000|
outbus<4>   |    7.248(R)|clk_BUFGP         |   0.000|
outbus<5>   |    7.725(R)|clk_BUFGP         |   0.000|
outbus<6>   |    8.059(R)|clk_BUFGP         |   0.000|
outbus<7>   |    8.164(R)|clk_BUFGP         |   0.000|
outbus<8>   |    9.124(R)|clk_BUFGP         |   0.000|
outbus<9>   |    8.887(R)|clk_BUFGP         |   0.000|
outbus<10>  |    8.604(R)|clk_BUFGP         |   0.000|
outbus<11>  |    7.457(R)|clk_BUFGP         |   0.000|
outbus<12>  |    8.658(R)|clk_BUFGP         |   0.000|
outbus<13>  |    8.849(R)|clk_BUFGP         |   0.000|
outbus<14>  |    8.167(R)|clk_BUFGP         |   0.000|
outbus<15>  |    7.749(R)|clk_BUFGP         |   0.000|
outbus<16>  |    8.946(R)|clk_BUFGP         |   0.000|
outbus<17>  |    8.668(R)|clk_BUFGP         |   0.000|
outbus<18>  |    7.858(R)|clk_BUFGP         |   0.000|
outbus<19>  |    8.191(R)|clk_BUFGP         |   0.000|
outbus<20>  |    8.607(R)|clk_BUFGP         |   0.000|
outbus<21>  |    8.103(R)|clk_BUFGP         |   0.000|
outbus<22>  |    7.244(R)|clk_BUFGP         |   0.000|
outbus<23>  |    7.712(R)|clk_BUFGP         |   0.000|
outbus<24>  |    8.637(R)|clk_BUFGP         |   0.000|
outbus<25>  |    7.721(R)|clk_BUFGP         |   0.000|
outbus<26>  |    7.801(R)|clk_BUFGP         |   0.000|
outbus<27>  |    8.031(R)|clk_BUFGP         |   0.000|
outbus<28>  |    7.998(R)|clk_BUFGP         |   0.000|
outbus<29>  |    9.097(R)|clk_BUFGP         |   0.000|
outbus<30>  |    7.931(R)|clk_BUFGP         |   0.000|
outbus<31>  |    8.134(R)|clk_BUFGP         |   0.000|
outbus<32>  |    9.488(R)|clk_BUFGP         |   0.000|
outbus<33>  |    9.563(R)|clk_BUFGP         |   0.000|
outbus<34>  |    9.336(R)|clk_BUFGP         |   0.000|
outbus<35>  |    9.276(R)|clk_BUFGP         |   0.000|
outbus<36>  |    8.185(R)|clk_BUFGP         |   0.000|
outbus<37>  |    8.358(R)|clk_BUFGP         |   0.000|
outbus<38>  |    8.751(R)|clk_BUFGP         |   0.000|
outbus<39>  |    8.468(R)|clk_BUFGP         |   0.000|
outbus<40>  |    8.065(R)|clk_BUFGP         |   0.000|
outbus<41>  |    9.119(R)|clk_BUFGP         |   0.000|
outbus<42>  |    8.365(R)|clk_BUFGP         |   0.000|
outbus<43>  |    8.611(R)|clk_BUFGP         |   0.000|
outbus<44>  |    8.372(R)|clk_BUFGP         |   0.000|
outbus<45>  |    8.934(R)|clk_BUFGP         |   0.000|
outbus<46>  |    8.904(R)|clk_BUFGP         |   0.000|
outbus<47>  |    8.486(R)|clk_BUFGP         |   0.000|
outbus<48>  |    8.331(R)|clk_BUFGP         |   0.000|
outbus<49>  |    9.056(R)|clk_BUFGP         |   0.000|
outbus<50>  |    8.924(R)|clk_BUFGP         |   0.000|
outbus<51>  |    7.894(R)|clk_BUFGP         |   0.000|
outbus<52>  |    7.935(R)|clk_BUFGP         |   0.000|
outbus<53>  |    8.211(R)|clk_BUFGP         |   0.000|
outbus<54>  |    7.966(R)|clk_BUFGP         |   0.000|
outbus<55>  |    8.233(R)|clk_BUFGP         |   0.000|
outbus<56>  |    8.869(R)|clk_BUFGP         |   0.000|
outbus<57>  |    7.849(R)|clk_BUFGP         |   0.000|
outbus<58>  |    7.871(R)|clk_BUFGP         |   0.000|
outbus<59>  |    8.785(R)|clk_BUFGP         |   0.000|
outbus<60>  |    9.031(R)|clk_BUFGP         |   0.000|
outbus<61>  |    8.951(R)|clk_BUFGP         |   0.000|
outbus<62>  |    8.346(R)|clk_BUFGP         |   0.000|
outbus<63>  |    8.846(R)|clk_BUFGP         |   0.000|
------------+------------+------------------+--------+

Clock to Setup on destination clock clk
---------------+---------+---------+---------+---------+
               | Src:Rise| Src:Fall| Src:Rise| Src:Fall|
Source Clock   |Dest:Rise|Dest:Rise|Dest:Fall|Dest:Fall|
---------------+---------+---------+---------+---------+
clk            |    6.206|         |         |         |
---------------+---------+---------+---------+---------+


Analysis completed Fri Oct 09 18:06:09 2020 
--------------------------------------------------------------------------------

Trace Settings:
-------------------------
Trace Settings 

Peak Memory Usage: 4509 MB



