Release 14.7 - xst P.20131013 (nt64)
Copyright (c) 1995-2013 Xilinx, Inc.  All rights reserved.
--> Parameter TMPDIR set to xst/projnav.tmp


Total REAL time to Xst completion: 0.00 secs
Total CPU time to Xst completion: 0.10 secs
 
--> Parameter xsthdpdir set to xst


Total REAL time to Xst completion: 0.00 secs
Total CPU time to Xst completion: 0.11 secs
 
--> Reading design: mult_sec.prj

TABLE OF CONTENTS
  1) Synthesis Options Summary
  2) HDL Compilation
  3) Design Hierarchy Analysis
  4) HDL Analysis
  5) HDL Synthesis
     5.1) HDL Synthesis Report
  6) Advanced HDL Synthesis
     6.1) Advanced HDL Synthesis Report
  7) Low Level Synthesis
  8) Partition Report
  9) Final Report
	9.1) Device utilization summary
	9.2) Partition Resource Summary
	9.3) TIMING REPORT


=========================================================================
*                      Synthesis Options Summary                        *
=========================================================================
---- Source Parameters
Input File Name                    : "mult_sec.prj"
Input Format                       : mixed
Ignore Synthesis Constraint File   : NO

---- Target Parameters
Output File Name                   : "mult_sec"
Output Format                      : NGC
Target Device                      : xc3s500e-4-fg320

---- Source Options
Top Module Name                    : mult_sec
Automatic FSM Extraction           : YES
FSM Encoding Algorithm             : Auto
Safe Implementation                : No
FSM Style                          : LUT
RAM Extraction                     : Yes
RAM Style                          : Auto
ROM Extraction                     : Yes
Mux Style                          : Auto
Decoder Extraction                 : YES
Priority Encoder Extraction        : Yes
Shift Register Extraction          : YES
Logical Shifter Extraction         : YES
XOR Collapsing                     : YES
ROM Style                          : Auto
Mux Extraction                     : Yes
Resource Sharing                   : YES
Asynchronous To Synchronous        : NO
Multiplier Style                   : Auto
Automatic Register Balancing       : No

---- Target Options
Add IO Buffers                     : YES
Global Maximum Fanout              : 100000
Add Generic Clock Buffer(BUFG)     : 24
Register Duplication               : YES
Slice Packing                      : YES
Optimize Instantiated Primitives   : NO
Use Clock Enable                   : Yes
Use Synchronous Set                : Yes
Use Synchronous Reset              : Yes
Pack IO Registers into IOBs        : Auto
Equivalent register Removal        : YES

---- General Options
Optimization Goal                  : Speed
Optimization Effort                : 1
Keep Hierarchy                     : No
Netlist Hierarchy                  : As_Optimized
RTL Output                         : Yes
Global Optimization                : AllClockNets
Read Cores                         : YES
Write Timing Constraints           : NO
Cross Clock Analysis               : NO
Hierarchy Separator                : /
Bus Delimiter                      : <>
Case Specifier                     : Maintain
Slice Utilization Ratio            : 100
BRAM Utilization Ratio             : 100
Verilog 2001                       : YES
Auto BRAM Packing                  : NO
Slice Utilization Ratio Delta      : 5

=========================================================================


=========================================================================
*                          HDL Compilation                              *
=========================================================================
Compiling vhdl file "D:/GIT/Universidad/Pracs_Hardware/Practica1_Profesor/mult_sec.vhd" in Library work.
Architecture behavioral of Entity mult_sec is up to date.

=========================================================================
*                     Design Hierarchy Analysis                         *
=========================================================================
Analyzing hierarchy for entity <mult_sec> in library <work> (architecture <behavioral>).


=========================================================================
*                            HDL Analysis                               *
=========================================================================
Analyzing Entity <mult_sec> in library <work> (Architecture <behavioral>).
Entity <mult_sec> analyzed. Unit <mult_sec> generated.


=========================================================================
*                           HDL Synthesis                               *
=========================================================================

Performing bidirectional port resolution...

Synthesizing Unit <mult_sec>.
    Related source file is "D:/GIT/Universidad/Pracs_Hardware/Practica1_Profesor/mult_sec.vhd".
    Found finite state machine <FSM_0> for signal <state>.
    -----------------------------------------------------------------------
    | States             | 3                                              |
    | Transitions        | 5                                              |
    | Inputs             | 2                                              |
    | Outputs            | 3                                              |
    | Clock              | clk                       (rising_edge)        |
    | Reset              | rst                       (positive)           |
    | Reset type         | asynchronous                                   |
    | Reset State        | inicio                                         |
    | Power Up State     | inicio                                         |
    | Encoding           | automatic                                      |
    | Implementation     | LUT                                            |
    -----------------------------------------------------------------------
    Found 9-bit register for signal <CA>.
    Found 3-bit down counter for signal <cnt>.
    Found 8-bit register for signal <M>.
    Found 9-bit adder for signal <pp>.
    Found 8-bit register for signal <Q>.
    Summary:
	inferred   1 Finite State Machine(s).
	inferred   1 Counter(s).
	inferred  25 D-type flip-flop(s).
	inferred   1 Adder/Subtractor(s).
Unit <mult_sec> synthesized.


=========================================================================
HDL Synthesis Report

Macro Statistics
# Adders/Subtractors                                   : 1
 9-bit adder                                           : 1
# Counters                                             : 1
 3-bit down counter                                    : 1
# Registers                                            : 3
 8-bit register                                        : 2
 9-bit register                                        : 1

=========================================================================

=========================================================================
*                       Advanced HDL Synthesis                          *
=========================================================================

Analyzing FSM <FSM_0> for best encoding.
Optimizing FSM <state/FSM> on signal <state[1:2]> with user encoding.
--------------------
 State  | Encoding
--------------------
 inicio | 00
 sumacu | 01
 desdec | 10
--------------------

=========================================================================
Advanced HDL Synthesis Report

Macro Statistics
# FSMs                                                 : 1
# Adders/Subtractors                                   : 1
 9-bit adder                                           : 1
# Counters                                             : 1
 3-bit down counter                                    : 1
# Registers                                            : 25
 Flip-Flops                                            : 25

=========================================================================

=========================================================================
*                         Low Level Synthesis                           *
=========================================================================

Optimizing unit <mult_sec> ...

Mapping all equations...
Building and optimizing final netlist ...
Found area constraint ratio of 100 (+ 5) on block mult_sec, actual ratio is 0.

Final Macro Processing ...

=========================================================================
Final Register Report

Macro Statistics
# Registers                                            : 30
 Flip-Flops                                            : 30

=========================================================================

=========================================================================
*                           Partition Report                            *
=========================================================================

Partition Implementation Status
-------------------------------

  No Partitions were found in this design.

-------------------------------

=========================================================================
*                            Final Report                               *
=========================================================================
Final Results
RTL Top Level Output File Name     : mult_sec.ngr
Top Level Output File Name         : mult_sec
Output Format                      : NGC
Optimization Goal                  : Speed
Keep Hierarchy                     : No

Design Statistics
# IOs                              : 29

Cell Usage :
# BELS                             : 53
#      GND                         : 1
#      LUT2                        : 10
#      LUT2_D                      : 1
#      LUT3                        : 10
#      LUT3_D                      : 1
#      LUT3_L                      : 1
#      LUT4                        : 12
#      LUT4_D                      : 1
#      MUXCY                       : 8
#      XORCY                       : 8
# FlipFlops/Latches                : 30
#      FDC                         : 2
#      FDCE                        : 28
# Clock Buffers                    : 1
#      BUFGP                       : 1
# IO Buffers                       : 28
#      IBUF                        : 12
#      OBUF                        : 16
=========================================================================

Device utilization summary:
---------------------------

Selected Device : 3s500efg320-4 

 Number of Slices:                       23  out of   4656     0%  
 Number of Slice Flip Flops:             30  out of   9312     0%  
 Number of 4 input LUTs:                 36  out of   9312     0%  
 Number of IOs:                          29
 Number of bonded IOBs:                  29  out of    232    12%  
 Number of GCLKs:                         1  out of     24     4%  

---------------------------
Partition Resource Summary:
---------------------------

  No Partitions were found in this design.

---------------------------


=========================================================================
TIMING REPORT

NOTE: THESE TIMING NUMBERS ARE ONLY A SYNTHESIS ESTIMATE.
      FOR ACCURATE TIMING INFORMATION PLEASE REFER TO THE TRACE REPORT
      GENERATED AFTER PLACE-and-ROUTE.

Clock Information:
------------------
-----------------------------------+------------------------+-------+
Clock Signal                       | Clock buffer(FF name)  | Load  |
-----------------------------------+------------------------+-------+
clk                                | BUFGP                  | 30    |
-----------------------------------+------------------------+-------+

Asynchronous Control Signals Information:
----------------------------------------
-----------------------------------+------------------------+-------+
Control Signal                     | Buffer(FF name)        | Load  |
-----------------------------------+------------------------+-------+
rst                                | IBUF                   | 30    |
-----------------------------------+------------------------+-------+

Timing Summary:
---------------
Speed Grade: -4

   Minimum period: 4.963ns (Maximum Frequency: 201.491MHz)
   Minimum input arrival time before clock: 4.565ns
   Maximum output required time after clock: 4.450ns
   Maximum combinational path delay: No path found

Timing Detail:
--------------
All values displayed in nanoseconds (ns)

=========================================================================
Timing constraint: Default period analysis for Clock 'clk'
  Clock period: 4.963ns (frequency: 201.491MHz)
  Total number of paths / destination ports: 241 / 42
-------------------------------------------------------------------------
Delay:               4.963ns (Levels of Logic = 10)
  Source:            CA_0 (FF)
  Destination:       CA_7 (FF)
  Source Clock:      clk rising
  Destination Clock: clk rising

  Data Path: CA_0 to CA_7
                                Gate     Net
    Cell:in->out      fanout   Delay   Delay  Logical Name (Net Name)
    ----------------------------------------  ------------
     FDCE:C->Q             3   0.591   0.610  CA_0 (CA_0)
     LUT2:I1->O            1   0.704   0.000  Madd_pp_lut<0> (Madd_pp_lut<0>)
     MUXCY:S->O            1   0.464   0.000  Madd_pp_cy<0> (Madd_pp_cy<0>)
     MUXCY:CI->O           1   0.059   0.000  Madd_pp_cy<1> (Madd_pp_cy<1>)
     MUXCY:CI->O           1   0.059   0.000  Madd_pp_cy<2> (Madd_pp_cy<2>)
     MUXCY:CI->O           1   0.059   0.000  Madd_pp_cy<3> (Madd_pp_cy<3>)
     MUXCY:CI->O           1   0.059   0.000  Madd_pp_cy<4> (Madd_pp_cy<4>)
     MUXCY:CI->O           1   0.059   0.000  Madd_pp_cy<5> (Madd_pp_cy<5>)
     MUXCY:CI->O           1   0.059   0.000  Madd_pp_cy<6> (Madd_pp_cy<6>)
     XORCY:CI->O           1   0.804   0.424  Madd_pp_xor<7> (pp<7>)
     LUT4:I3->O            1   0.704   0.000  CA_mux0000<1>1 (CA_mux0000<1>)
     FDCE:D                    0.308          CA_7
    ----------------------------------------
    Total                      4.963ns (3.929ns logic, 1.034ns route)
                                       (79.2% logic, 20.8% route)

=========================================================================
Timing constraint: Default OFFSET IN BEFORE for Clock 'clk'
  Total number of paths / destination ports: 64 / 56
-------------------------------------------------------------------------
Offset:              4.565ns (Levels of Logic = 3)
  Source:            I (PAD)
  Destination:       CA_2 (FF)
  Destination Clock: clk rising

  Data Path: I to CA_2
                                Gate     Net
    Cell:in->out      fanout   Delay   Delay  Logical Name (Net Name)
    ----------------------------------------  ------------
     IBUF:I->O             6   1.218   0.844  I_IBUF (I_IBUF)
     LUT4_D:I0->O          7   0.704   0.787  CA_mux0000<1>11 (N01)
     LUT4:I1->O            1   0.704   0.000  CA_mux0000<1>1 (CA_mux0000<1>)
     FDCE:D                    0.308          CA_7
    ----------------------------------------
    Total                      4.565ns (2.934ns logic, 1.631ns route)
                                       (64.3% logic, 35.7% route)

=========================================================================
Timing constraint: Default OFFSET OUT AFTER for Clock 'clk'
  Total number of paths / destination ports: 16 / 16
-------------------------------------------------------------------------
Offset:              4.450ns (Levels of Logic = 1)
  Source:            Q_0 (FF)
  Destination:       outbus<0> (PAD)
  Source Clock:      clk rising

  Data Path: Q_0 to outbus<0>
                                Gate     Net
    Cell:in->out      fanout   Delay   Delay  Logical Name (Net Name)
    ----------------------------------------  ------------
     FDCE:C->Q             4   0.591   0.587  Q_0 (Q_0)
     OBUF:I->O                 3.272          outbus_0_OBUF (outbus<0>)
    ----------------------------------------
    Total                      4.450ns (3.863ns logic, 0.587ns route)
                                       (86.8% logic, 13.2% route)

=========================================================================


Total REAL time to Xst completion: 4.00 secs
Total CPU time to Xst completion: 4.29 secs
 
--> 

Total memory usage is 4514064 kilobytes

Number of errors   :    0 (   0 filtered)
Number of warnings :    0 (   0 filtered)
Number of infos    :    0 (   0 filtered)

