Running: fuse.exe -relaunch -intstyle "ise" -incremental -o "C:/Users/detcp/Desktop/UART/tb_uart_rx_isim_beh.exe" -prj "C:/Users/detcp/Desktop/UART/tb_uart_rx_beh.prj" "work.tb_uart_rx" 
ISim P.20131013 (signature 0x7708f090)
Number of CPUs detected in this system: 4
Turning on mult-threading, number of parallel sub-compilation jobs: 8 
Determining compilation order of HDL files
Parsing VHDL file "C:/Users/detcp/Desktop/UART/UART_RX.vhd" into library work
Parsing VHDL file "C:/Users/detcp/Desktop/UART/tb_uart_rx.vhd" into library work
Starting static elaboration
Completed static elaboration
Compiling package standard
Compiling package std_logic_1164
Compiling package numeric_std
Compiling architecture behavioral of entity UART_RX [uart_rx_default]
Compiling architecture behavior of entity tb_uart_rx
Time Resolution for simulation is 1ps.
Waiting for 1 sub-compilation(s) to finish...
Compiled 6 VHDL Units
Built simulation executable C:/Users/detcp/Desktop/UART/tb_uart_rx_isim_beh.exe
Fuse Memory Usage: 35408 KB
Fuse CPU Usage: 685 ms
