--------------------------------------------------------------------------------
Release 14.7 Trace  (nt64)
Copyright (c) 1995-2013 Xilinx, Inc.  All rights reserved.

C:\Xilinx\14.7\ISE_DS\ISE\bin\nt64\unwrapped\trce.exe -intstyle ise -v 3 -s 4
-n 3 -fastpaths -xml UART.twx UART.ncd -o UART.twr UART.pcf -ucf
UART_Spartan3.ucf

Design file:              UART.ncd
Physical constraint file: UART.pcf
Device,package,speed:     xc3s400,ft256,-4 (PRODUCTION 1.39 2013-10-13)
Report level:             verbose report

Environment Variable      Effect 
--------------------      ------ 
NONE                      No environment variables were set
--------------------------------------------------------------------------------

INFO:Timing:2698 - No timing constraints found, doing default enumeration.
INFO:Timing:3412 - To improve timing, see the Timing Closure User Guide (UG612).
INFO:Timing:2752 - To get complete path coverage, use the unconstrained paths 
   option. All paths that are not constrained will be reported in the 
   unconstrained paths section(s) of the report.
INFO:Timing:3339 - The clock-to-out numbers in this timing report are based on 
   a 50 Ohm transmission line loading model.  For the details of this model, 
   and for more information on accounting for different loading conditions, 
   please see the device datasheet.
INFO:Timing:3390 - This architecture does not support a default System Jitter 
   value, please add SYSTEM_JITTER constraint to the UCF to modify the Clock 
   Uncertainty calculation.
INFO:Timing:3389 - This architecture does not support 'Discrete Jitter' and 
   'Phase Error' calculations, these terms will be zero in the Clock 
   Uncertainty calculation.  Please make appropriate modification to 
   SYSTEM_JITTER to account for the unsupported Discrete Jitter and Phase 
   Error.



Data Sheet report:
-----------------
All values displayed in nanoseconds (ns)

Setup/Hold to clock clk
------------+------------+------------+------------------+--------+
            |Max Setup to|Max Hold to |                  | Clock  |
Source      | clk (edge) | clk (edge) |Internal Clock(s) | Phase  |
------------+------------+------------+------------------+--------+
BTN_IN      |    1.064(R)|    0.624(R)|clk_BUFGP         |   0.000|
RX_IN       |    1.704(R)|    0.312(R)|clk_BUFGP         |   0.000|
TX_DATA<0>  |    3.133(R)|   -1.038(R)|clk_BUFGP         |   0.000|
TX_DATA<1>  |    2.954(R)|   -0.894(R)|clk_BUFGP         |   0.000|
TX_DATA<2>  |    2.188(R)|   -0.281(R)|clk_BUFGP         |   0.000|
TX_DATA<3>  |    1.654(R)|    0.145(R)|clk_BUFGP         |   0.000|
TX_DATA<4>  |    1.493(R)|    0.274(R)|clk_BUFGP         |   0.000|
TX_DATA<5>  |    1.597(R)|    0.192(R)|clk_BUFGP         |   0.000|
TX_DATA<6>  |    0.559(R)|    1.022(R)|clk_BUFGP         |   0.000|
TX_DATA<7>  |    0.496(R)|    1.072(R)|clk_BUFGP         |   0.000|
------------+------------+------------+------------------+--------+

Clock clk to Pad
------------+------------+------------------+--------+
            | clk (edge) |                  | Clock  |
Destination |   to PAD   |Internal Clock(s) | Phase  |
------------+------------+------------------+--------+
RX_DATA<0>  |    9.974(R)|clk_BUFGP         |   0.000|
RX_DATA<1>  |    9.238(R)|clk_BUFGP         |   0.000|
RX_DATA<2>  |    9.827(R)|clk_BUFGP         |   0.000|
RX_DATA<3>  |    9.194(R)|clk_BUFGP         |   0.000|
RX_DATA<4>  |    9.579(R)|clk_BUFGP         |   0.000|
RX_DATA<5>  |    9.212(R)|clk_BUFGP         |   0.000|
RX_DATA<6>  |   10.150(R)|clk_BUFGP         |   0.000|
RX_DATA<7>  |    9.677(R)|clk_BUFGP         |   0.000|
RX_NEWDATA  |   12.454(R)|clk_BUFGP         |   0.000|
TSR<0>      |   11.104(R)|clk_BUFGP         |   0.000|
TSR<1>      |   10.129(R)|clk_BUFGP         |   0.000|
TSR<2>      |    9.778(R)|clk_BUFGP         |   0.000|
TSR<3>      |    9.822(R)|clk_BUFGP         |   0.000|
TSR<4>      |    9.457(R)|clk_BUFGP         |   0.000|
TSR<5>      |    9.640(R)|clk_BUFGP         |   0.000|
TSR<6>      |    9.436(R)|clk_BUFGP         |   0.000|
TSR<7>      |    9.469(R)|clk_BUFGP         |   0.000|
TSR<8>      |    9.154(R)|clk_BUFGP         |   0.000|
TX_OUT      |   11.381(R)|clk_BUFGP         |   0.000|
TX_READY    |   12.250(R)|clk_BUFGP         |   0.000|
------------+------------+------------------+--------+

Clock to Setup on destination clock clk
---------------+---------+---------+---------+---------+
               | Src:Rise| Src:Fall| Src:Rise| Src:Fall|
Source Clock   |Dest:Rise|Dest:Rise|Dest:Fall|Dest:Fall|
---------------+---------+---------+---------+---------+
clk            |    6.700|         |         |         |
---------------+---------+---------+---------+---------+


Analysis completed Mon Jul 08 12:29:10 2019 
--------------------------------------------------------------------------------

Trace Settings:
-------------------------
Trace Settings 

Peak Memory Usage: 146 MB



