Release 14.7 - xst P.20131013 (nt64)
Copyright (c) 1995-2013 Xilinx, Inc.  All rights reserved.
--> Parameter TMPDIR set to xst/projnav.tmp


Total REAL time to Xst completion: 0.00 secs
Total CPU time to Xst completion: 0.16 secs
 
--> Parameter xsthdpdir set to xst


Total REAL time to Xst completion: 0.00 secs
Total CPU time to Xst completion: 0.16 secs
 
--> Reading design: UART_TX.prj

TABLE OF CONTENTS
  1) Synthesis Options Summary
  2) HDL Compilation
  3) Design Hierarchy Analysis
  4) HDL Analysis
  5) HDL Synthesis
     5.1) HDL Synthesis Report
  6) Advanced HDL Synthesis
     6.1) Advanced HDL Synthesis Report
  7) Low Level Synthesis
  8) Partition Report
  9) Final Report
	9.1) Device utilization summary
	9.2) Partition Resource Summary
	9.3) TIMING REPORT


=========================================================================
*                      Synthesis Options Summary                        *
=========================================================================
---- Source Parameters
Input File Name                    : "UART_TX.prj"
Input Format                       : mixed
Ignore Synthesis Constraint File   : NO

---- Target Parameters
Output File Name                   : "UART_TX"
Output Format                      : NGC
Target Device                      : xc3s400-4-ft256

---- Source Options
Top Module Name                    : UART_TX
Automatic FSM Extraction           : YES
FSM Encoding Algorithm             : Auto
Safe Implementation                : No
FSM Style                          : LUT
RAM Extraction                     : Yes
RAM Style                          : Auto
ROM Extraction                     : Yes
Mux Style                          : Auto
Decoder Extraction                 : YES
Priority Encoder Extraction        : Yes
Shift Register Extraction          : YES
Logical Shifter Extraction         : YES
XOR Collapsing                     : YES
ROM Style                          : Auto
Mux Extraction                     : Yes
Resource Sharing                   : YES
Asynchronous To Synchronous        : NO
Multiplier Style                   : Auto
Automatic Register Balancing       : No

---- Target Options
Add IO Buffers                     : YES
Global Maximum Fanout              : 100000
Add Generic Clock Buffer(BUFG)     : 8
Register Duplication               : YES
Slice Packing                      : YES
Optimize Instantiated Primitives   : NO
Use Clock Enable                   : Yes
Use Synchronous Set                : Yes
Use Synchronous Reset              : Yes
Pack IO Registers into IOBs        : Auto
Equivalent register Removal        : YES

---- General Options
Optimization Goal                  : Speed
Optimization Effort                : 1
Keep Hierarchy                     : No
Netlist Hierarchy                  : As_Optimized
RTL Output                         : Yes
Global Optimization                : AllClockNets
Read Cores                         : YES
Write Timing Constraints           : NO
Cross Clock Analysis               : NO
Hierarchy Separator                : /
Bus Delimiter                      : <>
Case Specifier                     : Maintain
Slice Utilization Ratio            : 100
BRAM Utilization Ratio             : 100
Verilog 2001                       : YES
Auto BRAM Packing                  : NO
Slice Utilization Ratio Delta      : 5

=========================================================================


=========================================================================
*                          HDL Compilation                              *
=========================================================================
Compiling vhdl file "D:/GIT/Pracs_Microprocesadores/VHDL/UART/UART_TX.vhd" in Library work.
Entity <UART_TX> compiled.
Entity <UART_TX> (Architecture <Behavioral>) compiled.

=========================================================================
*                     Design Hierarchy Analysis                         *
=========================================================================
Analyzing hierarchy for entity <UART_TX> in library <work> (architecture <Behavioral>).


=========================================================================
*                            HDL Analysis                               *
=========================================================================
Analyzing Entity <UART_TX> in library <work> (Architecture <Behavioral>).
Entity <UART_TX> analyzed. Unit <UART_TX> generated.


=========================================================================
*                           HDL Synthesis                               *
=========================================================================

Performing bidirectional port resolution...

Synthesizing Unit <UART_TX>.
    Related source file is "D:/GIT/Pracs_Microprocesadores/VHDL/UART/UART_TX.vhd".
    Found finite state machine <FSM_0> for signal <actual_btn>.
    -----------------------------------------------------------------------
    | States             | 3                                              |
    | Transitions        | 6                                              |
    | Inputs             | 1                                              |
    | Outputs            | 1                                              |
    | Clock              | clk                       (rising_edge)        |
    | Reset              | reset                     (positive)           |
    | Reset type         | asynchronous                                   |
    | Reset State        | cero                                           |
    | Power Up State     | cero                                           |
    | Encoding           | automatic                                      |
    | Implementation     | LUT                                            |
    -----------------------------------------------------------------------
    Found finite state machine <FSM_1> for signal <actual_tx>.
    -----------------------------------------------------------------------
    | States             | 3                                              |
    | Transitions        | 5                                              |
    | Inputs             | 2                                              |
    | Outputs            | 3                                              |
    | Clock              | clk                       (rising_edge)        |
    | Reset              | reset                     (positive)           |
    | Reset type         | asynchronous                                   |
    | Reset State        | idle                                           |
    | Power Up State     | idle                                           |
    | Encoding           | automatic                                      |
    | Implementation     | LUT                                            |
    -----------------------------------------------------------------------
    Found 1-bit register for signal <TX_READY>.
    Found 1-bit register for signal <BTN>.
    Found 16-bit register for signal <contador_baudios>.
    Found 16-bit adder for signal <contador_baudios$addsub0000> created at line 252.
    Found 10-bit register for signal <registro>.
    Found 4-bit register for signal <TX_NBIT>.
    Found 4-bit adder for signal <TX_NBIT$addsub0000> created at line 209.
    Summary:
	inferred   2 Finite State Machine(s).
	inferred  32 D-type flip-flop(s).
	inferred   2 Adder/Subtractor(s).
Unit <UART_TX> synthesized.


=========================================================================
HDL Synthesis Report

Macro Statistics
# Adders/Subtractors                                   : 2
 16-bit adder                                          : 1
 4-bit adder                                           : 1
# Registers                                            : 5
 1-bit register                                        : 2
 10-bit register                                       : 1
 16-bit register                                       : 1
 4-bit register                                        : 1

=========================================================================

=========================================================================
*                       Advanced HDL Synthesis                          *
=========================================================================

Analyzing FSM <FSM_1> for best encoding.
Optimizing FSM <actual_tx/FSM> on signal <actual_tx[1:2]> with user encoding.
-----------------------
 State     | Encoding
-----------------------
 idle      | 00
 tx_inicio | 01
 tx_datos  | 10
-----------------------
Analyzing FSM <FSM_0> for best encoding.
Optimizing FSM <actual_btn/FSM> on signal <actual_btn[1:3]> with one-hot encoding.
--------------------
 State  | Encoding
--------------------
 cero   | 001
 flanco | 010
 uno    | 100
--------------------
WARNING:Xst:1710 - FF/Latch <registro_9> (without init value) has a constant value of 1 in block <UART_TX>. This FF/Latch will be trimmed during the optimization process.

=========================================================================
Advanced HDL Synthesis Report

Macro Statistics
# FSMs                                                 : 2
# Adders/Subtractors                                   : 2
 16-bit adder                                          : 1
 4-bit adder                                           : 1
# Registers                                            : 32
 Flip-Flops                                            : 32

=========================================================================

=========================================================================
*                         Low Level Synthesis                           *
=========================================================================
WARNING:Xst:1710 - FF/Latch <registro_9> (without init value) has a constant value of 1 in block <UART_TX>. This FF/Latch will be trimmed during the optimization process.

Optimizing unit <UART_TX> ...

Mapping all equations...
Building and optimizing final netlist ...
Found area constraint ratio of 100 (+ 5) on block UART_TX, actual ratio is 0.

Final Macro Processing ...

=========================================================================
Final Register Report

Macro Statistics
# Registers                                            : 35
 Flip-Flops                                            : 35

=========================================================================

=========================================================================
*                           Partition Report                            *
=========================================================================

Partition Implementation Status
-------------------------------

  No Partitions were found in this design.

-------------------------------

=========================================================================
*                            Final Report                               *
=========================================================================
Final Results
RTL Top Level Output File Name     : UART_TX.ngr
Top Level Output File Name         : UART_TX
Output Format                      : NGC
Optimization Goal                  : Speed
Keep Hierarchy                     : No

Design Statistics
# IOs                              : 23

Cell Usage :
# BELS                             : 93
#      GND                         : 1
#      INV                         : 2
#      LUT1                        : 15
#      LUT2                        : 3
#      LUT2_L                      : 1
#      LUT3                        : 5
#      LUT4                        : 32
#      LUT4_D                      : 2
#      MUXCY                       : 15
#      VCC                         : 1
#      XORCY                       : 16
# FlipFlops/Latches                : 35
#      FDC                         : 4
#      FDCE                        : 20
#      FDP                         : 2
#      FDPE                        : 9
# Clock Buffers                    : 1
#      BUFGP                       : 1
# IO Buffers                       : 22
#      IBUF                        : 10
#      OBUF                        : 12
=========================================================================

Device utilization summary:
---------------------------

Selected Device : 3s400ft256-4 

 Number of Slices:                       32  out of   3584     0%  
 Number of Slice Flip Flops:             35  out of   7168     0%  
 Number of 4 input LUTs:                 60  out of   7168     0%  
 Number of IOs:                          23
 Number of bonded IOBs:                  23  out of    173    13%  
 Number of GCLKs:                         1  out of      8    12%  

---------------------------
Partition Resource Summary:
---------------------------

  No Partitions were found in this design.

---------------------------


=========================================================================
TIMING REPORT

NOTE: THESE TIMING NUMBERS ARE ONLY A SYNTHESIS ESTIMATE.
      FOR ACCURATE TIMING INFORMATION PLEASE REFER TO THE TRACE REPORT
      GENERATED AFTER PLACE-and-ROUTE.

Clock Information:
------------------
-----------------------------------+------------------------+-------+
Clock Signal                       | Clock buffer(FF name)  | Load  |
-----------------------------------+------------------------+-------+
clk                                | BUFGP                  | 35    |
-----------------------------------+------------------------+-------+

Asynchronous Control Signals Information:
----------------------------------------
-----------------------------------+------------------------+-------+
Control Signal                     | Buffer(FF name)        | Load  |
-----------------------------------+------------------------+-------+
reset                              | IBUF                   | 35    |
-----------------------------------+------------------------+-------+

Timing Summary:
---------------
Speed Grade: -4

   Minimum period: 7.619ns (Maximum Frequency: 131.251MHz)
   Minimum input arrival time before clock: 2.571ns
   Maximum output required time after clock: 7.241ns
   Maximum combinational path delay: No path found

Timing Detail:
--------------
All values displayed in nanoseconds (ns)

=========================================================================
Timing constraint: Default period analysis for Clock 'clk'
  Clock period: 7.619ns (frequency: 131.251MHz)
  Total number of paths / destination ports: 739 / 47
-------------------------------------------------------------------------
Delay:               7.619ns (Levels of Logic = 3)
  Source:            contador_baudios_4 (FF)
  Destination:       TX_NBIT_0 (FF)
  Source Clock:      clk rising
  Destination Clock: clk rising

  Data Path: contador_baudios_4 to TX_NBIT_0
                                Gate     Net
    Cell:in->out      fanout   Delay   Delay  Logical Name (Net Name)
    ----------------------------------------  ------------
     FDCE:C->Q             2   0.720   1.216  contador_baudios_4 (contador_baudios_4)
     LUT4:I0->O            1   0.551   1.140  ACTUALIZACION_TX_cmp_eq000010 (ACTUALIZACION_TX_cmp_eq000010)
     LUT4_D:I0->O         17   0.551   1.371  ACTUALIZACION_TX_cmp_eq000071 (ACTUALIZACION_TX)
     LUT4:I3->O            4   0.551   0.917  TX_NBIT_not00021 (TX_NBIT_not0002)
     FDCE:CE                   0.602          TX_NBIT_0
    ----------------------------------------
    Total                      7.619ns (2.975ns logic, 4.644ns route)
                                       (39.0% logic, 61.0% route)

=========================================================================
Timing constraint: Default OFFSET IN BEFORE for Clock 'clk'
  Total number of paths / destination ports: 9 / 9
-------------------------------------------------------------------------
Offset:              2.571ns (Levels of Logic = 2)
  Source:            TX_DATA<0> (PAD)
  Destination:       registro_1 (FF)
  Destination Clock: clk rising

  Data Path: TX_DATA<0> to registro_1
                                Gate     Net
    Cell:in->out      fanout   Delay   Delay  Logical Name (Net Name)
    ----------------------------------------  ------------
     IBUF:I->O             1   0.821   0.996  TX_DATA_0_IBUF (TX_DATA_0_IBUF)
     LUT4:I1->O            1   0.551   0.000  registro_mux0000<8>1 (registro_mux0000<8>)
     FDPE:D                    0.203          registro_1
    ----------------------------------------
    Total                      2.571ns (1.575ns logic, 0.996ns route)
                                       (61.3% logic, 38.7% route)

=========================================================================
Timing constraint: Default OFFSET OUT AFTER for Clock 'clk'
  Total number of paths / destination ports: 11 / 11
-------------------------------------------------------------------------
Offset:              7.241ns (Levels of Logic = 1)
  Source:            registro_0 (FF)
  Destination:       TX_OUT (PAD)
  Source Clock:      clk rising

  Data Path: registro_0 to TX_OUT
                                Gate     Net
    Cell:in->out      fanout   Delay   Delay  Logical Name (Net Name)
    ----------------------------------------  ------------
     FDPE:C->Q             2   0.720   0.877  registro_0 (registro_0)
     OBUF:I->O                 5.644          TX_OUT_OBUF (TX_OUT)
    ----------------------------------------
    Total                      7.241ns (6.364ns logic, 0.877ns route)
                                       (87.9% logic, 12.1% route)

=========================================================================


Total REAL time to Xst completion: 5.00 secs
Total CPU time to Xst completion: 5.44 secs
 
--> 

Total memory usage is 4521512 kilobytes

Number of errors   :    0 (   0 filtered)
Number of warnings :    2 (   0 filtered)
Number of infos    :    0 (   0 filtered)

