MPASM  5.42                            E1.ASM   4-27-2019  17:27:05         PAGE  1


LOC  OBJECT CODE     LINE SOURCE TEXT
  VALUE

                      00001 ;-------------------------------------------------------
                      00002                 LIST p=16F876A
                      00003                 INCLUDE "p16f876a.inc"
                      00001         LIST
                      00002 
                      00003 ;==========================================================================
                      00004 ;  MPASM PIC16F876A processor include
                      00005 ; 
                      00006 ;  (c) Copyright 1999-2011 Microchip Technology, All rights reserved
                      00007 ;==========================================================================
                      00008 
                      00513         LIST
2007   3F79           00004                 __CONFIG _XT_OSC & _WDT_OFF & _LVP_OFF
                      00005 ;-------------------------------------------------------
0000                  00006                 ORG 0
0000   2805           00007                 goto inicio
                      00008 
0004                  00009                 ORG 4
0004   2814           00010                 goto ISR
0005                  00011                 ORG 5
                      00012 ;-------------------------------------------------------
                      00013 
0005                  00014 inicio
                      00015 
0005   1683           00016                 BSF     STATUS,RP0 ; Cambiamos al banco 1
                      00017 
0006   30FF           00018                 MOVLW   b'11111111'
Message[302]: Register in operand not in bank 0.  Ensure that bank bits are correct.
0007   0087           00019                 MOVWF   TRISC ; Ponemos todo PORTC como entrada
                      00020 
Message[302]: Register in operand not in bank 0.  Ensure that bank bits are correct.
0008   0186           00021                 CLRF    TRISB ; Ponemos todo PORTB como salida
                      00022 
0009   300C           00023                 MOVLW   .12
Message[302]: Register in operand not in bank 0.  Ensure that bank bits are correct.
000A   0099           00024                 MOVWF   SPBRG ; Asignamos el ratio de baudios para el modo asincrono (VER EN LA TABLA DE
                            L MANUAL REDUCIDO QUE SE PUDE ENCONTRAR EN LA PAGINA 98)
                      00025 
Message[302]: Register in operand not in bank 0.  Ensure that bank bits are correct.
000B   1518           00026                 BSF     TXSTA, BRGH ; Activamos el BIT para que el modo asincrono sea a baja velocidad (
                            también se ve en la tabla)
Message[302]: Register in operand not in bank 0.  Ensure that bank bits are correct.
000C   1698           00027                 BSF             TXSTA, TXEN ; Activamos el BIT que habilita la transmisión
Message[302]: Register in operand not in bank 0.  Ensure that bank bits are correct.
000D   168C           00028                 BSF             PIE1, RCIE ; Activamos interrupcion de recepción
                      00029 
000E   1283           00030                 BCF     STATUS,RP0 ; Cambiamos al banco 0
                      00031 
000F   1798           00032                 BSF             RCSTA, SPEN ; Activamos el BIT para habilitar el puerto serie
0010   1618           00033                 BSF             RCSTA, CREN ; Activamos el BIT para que esté recibiendo continuamente
                      00034 
0011   178B           00035                 BSF     INTCON, GIE ; Habilitamos el BIT de interrupciones - PAGINA 20 del manual resumi
                            do
MPASM  5.42                            E1.ASM   4-27-2019  17:27:05         PAGE  2


LOC  OBJECT CODE     LINE SOURCE TEXT
  VALUE

0012   170B           00036                 BSF             INTCON, PEIE ; Habilitamos el BIT de interrupciones de perifericos - PAG
                            INA 20 del manual resumido
                      00037 
                      00038 
0013                  00039 main
0013   2813           00040                 goto main
                      00041 ;-------------------------------------------------------
                      00042 
0014                  00043 ISR
0014   1E8C           00044                 BTFSS   PIR1,RCIF ; Si RCIF está activo saltaremos RETFIE 
Warning[203]: Found opcode in column 1. (RETFIE)
0015   0009           00045 RETFIE
                      00046 
0016   081A           00047                 MOVF    RCREG,0
0017   0086           00048                 MOVWF   PORTB ; Movemos el dato recibido a PORTB
0018   0099           00049                 MOVWF   TXREG ; Hacemos un "echo" al PC
Warning[203]: Found opcode in column 1. (RETFIE)
0019   0009           00050 RETFIE
                      00051 ;-------------------------------------------------------
                      00052 
Warning[205]: Found directive in column 1. (END)
                      00053 END
MPASM  5.42                            E1.ASM   4-27-2019  17:27:05         PAGE  3


SYMBOL TABLE
  LABEL                             VALUE 

ACKDT                             00000005
ACKEN                             00000004
ACKSTAT                           00000006
ADCON0                            0000001F
ADCON1                            0000009F
ADCS0                             00000006
ADCS1                             00000007
ADCS2                             00000006
ADDEN                             00000003
ADFM                              00000007
ADIE                              00000006
ADIF                              00000006
ADON                              00000000
ADRESH                            0000001E
ADRESL                            0000009E
BCLIE                             00000003
BCLIF                             00000003
BF                                00000000
BRGH                              00000002
C                                 00000000
C1INV                             00000004
C1OUT                             00000006
C2INV                             00000005
C2OUT                             00000007
CCP1CON                           00000017
CCP1IE                            00000002
CCP1IF                            00000002
CCP1M0                            00000000
CCP1M1                            00000001
CCP1M2                            00000002
CCP1M3                            00000003
CCP1X                             00000005
CCP1Y                             00000004
CCP2CON                           0000001D
CCP2IE                            00000000
CCP2IF                            00000000
CCP2M0                            00000000
CCP2M1                            00000001
CCP2M2                            00000002
CCP2M3                            00000003
CCP2X                             00000005
CCP2Y                             00000004
CCPR1                             00000015
CCPR1H                            00000016
CCPR1L                            00000015
CCPR2                             0000001B
CCPR2H                            0000001C
CCPR2L                            0000001B
CHS0                              00000003
CHS1                              00000004
CHS2                              00000005
CIS                               00000003
CKE                               00000006
MPASM  5.42                            E1.ASM   4-27-2019  17:27:05         PAGE  4


SYMBOL TABLE
  LABEL                             VALUE 

CKP                               00000004
CM0                               00000000
CM1                               00000001
CM2                               00000002
CMCON                             0000009C
CMIE                              00000006
CMIF                              00000006
CREN                              00000004
CSRC                              00000007
CVR0                              00000000
CVR1                              00000001
CVR2                              00000002
CVR3                              00000003
CVRCON                            0000009D
CVREN                             00000007
CVROE                             00000006
CVRR                              00000005
D                                 00000005
DATA_ADDRESS                      00000005
DC                                00000001
D_A                               00000005
D_NOT_A                           00000005
EEADR                             0000010D
EEADRH                            0000010F
EECON1                            0000018C
EECON2                            0000018D
EEDATA                            0000010C
EEDATH                            0000010E
EEIE                              00000004
EEIF                              00000004
EEPGD                             00000007
F                                 00000001
FERR                              00000002
FSR                               00000004
GCEN                              00000007
GIE                               00000007
GO                                00000002
GO_DONE                           00000002
GO_NOT_DONE                       00000002
I2C_DATA                          00000005
I2C_READ                          00000002
I2C_START                         00000003
I2C_STOP                          00000004
INDF                              00000000
INTCON                            0000000B
INTE                              00000004
INTEDG                            00000006
INTF                              00000001
IRP                               00000007
ISR                               00000014
NOT_A                             00000005
NOT_ADDRESS                       00000005
NOT_BO                            00000000
MPASM  5.42                            E1.ASM   4-27-2019  17:27:05         PAGE  5


SYMBOL TABLE
  LABEL                             VALUE 

NOT_BOR                           00000000
NOT_DONE                          00000002
NOT_PD                            00000003
NOT_POR                           00000001
NOT_RBPU                          00000007
NOT_RC8                           00000006
NOT_T1SYNC                        00000002
NOT_TO                            00000004
NOT_TX8                           00000006
NOT_W                             00000002
NOT_WRITE                         00000002
OERR                              00000001
OPTION_REG                        00000081
P                                 00000004
PCFG0                             00000000
PCFG1                             00000001
PCFG2                             00000002
PCFG3                             00000003
PCL                               00000002
PCLATH                            0000000A
PCON                              0000008E
PEIE                              00000006
PEN                               00000002
PIE1                              0000008C
PIE2                              0000008D
PIR1                              0000000C
PIR2                              0000000D
PORTA                             00000005
PORTB                             00000006
PORTC                             00000007
PR2                               00000092
PS0                               00000000
PS1                               00000001
PS2                               00000002
PSA                               00000003
R                                 00000002
RA0                               00000000
RA1                               00000001
RA2                               00000002
RA3                               00000003
RA4                               00000004
RA5                               00000005
RB0                               00000000
RB1                               00000001
RB2                               00000002
RB3                               00000003
RB4                               00000004
RB5                               00000005
RB6                               00000006
RB7                               00000007
RBIE                              00000003
RBIF                              00000000
RC0                               00000000
MPASM  5.42                            E1.ASM   4-27-2019  17:27:05         PAGE  6


SYMBOL TABLE
  LABEL                             VALUE 

RC1                               00000001
RC2                               00000002
RC3                               00000003
RC4                               00000004
RC5                               00000005
RC6                               00000006
RC7                               00000007
RC8_9                             00000006
RC9                               00000006
RCD8                              00000000
RCEN                              00000003
RCIE                              00000005
RCIF                              00000005
RCREG                             0000001A
RCSTA                             00000018
RD                                00000000
READ_WRITE                        00000002
RP0                               00000005
RP1                               00000006
RSEN                              00000001
RX9                               00000006
RX9D                              00000000
R_NOT_W                           00000002
R_W                               00000002
S                                 00000003
SEN                               00000000
SMP                               00000007
SPBRG                             00000099
SPEN                              00000007
SREN                              00000005
SSPADD                            00000093
SSPBUF                            00000013
SSPCON                            00000014
SSPCON2                           00000091
SSPEN                             00000005
SSPIE                             00000003
SSPIF                             00000003
SSPM0                             00000000
SSPM1                             00000001
SSPM2                             00000002
SSPM3                             00000003
SSPOV                             00000006
SSPSTAT                           00000094
STATUS                            00000003
SYNC                              00000004
T0CS                              00000005
T0IE                              00000005
T0IF                              00000002
T0SE                              00000004
T1CKPS0                           00000004
T1CKPS1                           00000005
T1CON                             00000010
T1INSYNC                          00000002
MPASM  5.42                            E1.ASM   4-27-2019  17:27:05         PAGE  7


SYMBOL TABLE
  LABEL                             VALUE 

T1OSCEN                           00000003
T1SYNC                            00000002
T2CKPS0                           00000000
T2CKPS1                           00000001
T2CON                             00000012
TMR0                              00000001
TMR0IE                            00000005
TMR0IF                            00000002
TMR1CS                            00000001
TMR1H                             0000000F
TMR1IE                            00000000
TMR1IF                            00000000
TMR1L                             0000000E
TMR1ON                            00000000
TMR2                              00000011
TMR2IE                            00000001
TMR2IF                            00000001
TMR2ON                            00000002
TOUTPS0                           00000003
TOUTPS1                           00000004
TOUTPS2                           00000005
TOUTPS3                           00000006
TRISA                             00000085
TRISA0                            00000000
TRISA1                            00000001
TRISA2                            00000002
TRISA3                            00000003
TRISA4                            00000004
TRISA5                            00000005
TRISB                             00000086
TRISB0                            00000000
TRISB1                            00000001
TRISB2                            00000002
TRISB3                            00000003
TRISB4                            00000004
TRISB5                            00000005
TRISB6                            00000006
TRISB7                            00000007
TRISC                             00000087
TRISC0                            00000000
TRISC1                            00000001
TRISC2                            00000002
TRISC3                            00000003
TRISC4                            00000004
TRISC5                            00000005
TRISC6                            00000006
TRISC7                            00000007
TRMT                              00000001
TX8_9                             00000006
TX9                               00000006
TX9D                              00000000
TXD8                              00000000
TXEN                              00000005
MPASM  5.42                            E1.ASM   4-27-2019  17:27:05         PAGE  8


SYMBOL TABLE
  LABEL                             VALUE 

TXIE                              00000004
TXIF                              00000004
TXREG                             00000019
TXSTA                             00000098
UA                                00000001
W                                 00000000
WCOL                              00000007
WR                                00000001
WREN                              00000002
WRERR                             00000003
Z                                 00000002
_BODEN_OFF                        00003FBF
_BODEN_ON                         00003FFF
_CONFIG                           00002007
_CPD_OFF                          00003FFF
_CPD_ON                           00003EFF
_CP_ALL                           00001FFF
_CP_OFF                           00003FFF
_DEBUG_OFF                        00003FFF
_DEBUG_ON                         000037FF
_DEVID1                           00002006
_HS_OSC                           00003FFE
_IDLOC0                           00002000
_IDLOC1                           00002001
_IDLOC2                           00002002
_IDLOC3                           00002003
_LP_OSC                           00003FFC
_LVP_OFF                          00003F7F
_LVP_ON                           00003FFF
_PWRTE_OFF                        00003FFF
_PWRTE_ON                         00003FF7
_RC_OSC                           00003FFF
_WDT_OFF                          00003FFB
_WDT_ON                           00003FFF
_WRT_1FOURTH                      00003BFF
_WRT_256                          00003DFF
_WRT_HALF                         000039FF
_WRT_OFF                          00003FFF
_XT_OSC                           00003FFD
__16F876A                         00000001
__DEBUG                           1
inicio                            00000005
main                              00000013
MPASM  5.42                            E1.ASM   4-27-2019  17:27:05         PAGE  9


MEMORY USAGE MAP ('X' = Used,  '-' = Unused)


0000 : X---XXXXXXXXXXXX XXXXXXXXXX------ ---------------- ----------------
2000 : -------X-------- ---------------- ---------------- ----------------

All other memory blocks unused.

Program Memory Words Used:    23
Program Memory Words Free:  8169


Errors   :     0
Warnings :     3 reported,     0 suppressed
Messages :     6 reported,     0 suppressed

