MPASM  5.42                            E2.ASM   4-27-2019  17:31:18         PAGE  1


LOC  OBJECT CODE     LINE SOURCE TEXT
  VALUE

                      00001 ;-------------------------------------------------------
                      00002                         LIST p=16F876A
                      00003                         INCLUDE "p16f876a.inc"
                      00001         LIST
                      00002 
                      00003 ;==========================================================================
                      00004 ;  MPASM PIC16F876A processor include
                      00005 ; 
                      00006 ;  (c) Copyright 1999-2011 Microchip Technology, All rights reserved
                      00007 ;==========================================================================
                      00008 
                      00513         LIST
2007   3F79           00004                         __CONFIG _XT_OSC & _WDT_OFF & _LVP_OFF
                      00005 ;-------------------------------------------------------
  00000030            00006 CONTROL         EQU     0x30
  00000031            00007 DATO1           EQU     0x31
  00000032            00008 DATO2           EQU     0x32
                      00009 ;-------------------------------------------------------
0000                  00010                         ORG 0
0000   2805           00011                         goto inicio
                      00012         
0004                  00013                         ORG 4
0004   2815           00014                         goto ISR
0005                  00015                         ORG 5
                      00016 ;-------------------------------------------------------
                      00017 
0005                  00018 inicio
0005   1683           00019                         BSF     STATUS,RP0 ; Cambiamos al banco 1
                      00020 
0006   30FF           00021                         MOVLW   b'11111111'
Message[302]: Register in operand not in bank 0.  Ensure that bank bits are correct.
0007   0087           00022                         MOVWF   TRISC ; Ponemos todo PORTC como entrada
                      00023         
Message[302]: Register in operand not in bank 0.  Ensure that bank bits are correct.
0008   0186           00024                         CLRF    TRISB ; Ponemos todo PORTB como salida
                      00025         
0009   300C           00026                         MOVLW   .12
Message[302]: Register in operand not in bank 0.  Ensure that bank bits are correct.
000A   0099           00027                         MOVWF   SPBRG ; Asignamos el ratio de baudios para el modo asincrono (VER EN LA 
                            TABLA DEL MANUAL REDUCIDO QUE SE PUDE ENCONTRAR EN LA PAGINA 98)
                      00028         
Message[302]: Register in operand not in bank 0.  Ensure that bank bits are correct.
000B   1518           00029                         BSF     TXSTA, BRGH ; Activamos el BIT para que el modo asincrono sea a baja vel
                            ocidad (también se ve en la tabla)
Message[302]: Register in operand not in bank 0.  Ensure that bank bits are correct.
000C   1698           00030                         BSF             TXSTA, TXEN ; Activamos el BIT que habilita la transmisión
Message[302]: Register in operand not in bank 0.  Ensure that bank bits are correct.
000D   168C           00031                         BSF     PIE1, RCIE ; Activamos interrupcion de recepción
                      00032         
000E   1283           00033                         BCF     STATUS,RP0  ; Cambiamos al banco 1
                      00034         
000F   1798           00035                         BSF     RCSTA, SPEN ; Activamos el BIT para habilitar el puerto serie
0010   1618           00036                         BSF     RCSTA, CREN  ; Activamos el BIT para que esté recibiendo continuamente
MPASM  5.42                            E2.ASM   4-27-2019  17:31:18         PAGE  2


LOC  OBJECT CODE     LINE SOURCE TEXT
  VALUE

                      00037         
0011   178B           00038                         BSF     INTCON, GIE  ; Habilitamos el BIT de interrupciones - PAGINA 20 del manu
                            al resumido
0012   170B           00039                         BSF     INTCON, PEIE  ; Habilitamos el BIT de interrupciones de perifericos - PA
                            GINA 20 del manual resumido
0013   1030           00040                         BCF     CONTROL,0 ; Ponemos el BIT 0 de CONTROL a 0
                      00041 
0014                  00042 main
0014   2814           00043                 goto main
                      00044 
0015                  00045 ISR
0015   1E8C           00046                         BTFSS   PIR1,RCIF ; Si RCIF está activo saltaremos RETFIE 
Warning[203]: Found opcode in column 1. (RETFIE)
0016   0009           00047 RETFIE
                      00048                         
0017   1C30           00049                         BTFSS   CONTROL,0 ; Si el BIT 0 de CONTROL está activo, salta guarda_dato1
0018   282A           00050                         goto guarda_dato1
                      00051         
0019   081A           00052                         MOVF    RCREG,0
001A   00B2           00053                         MOVWF   DATO2 ; Mueve el dato de RCREG a DATO2
                      00054                         
001B   0831           00055                         MOVF    DATO1,0 ; Mueve DATO1 a WREG
001C   3C41           00056                         SUBLW   'A' ; Resta el caracter A a WREG, si el resultado es 0 significa que hem
                            os enviado una A
001D   1D03           00057                         BTFSS   STATUS,Z ; Si Z es 1 salta devuelve_0
001E   282E           00058                         goto    devuelve_0
                      00059         
001F   0832           00060                         MOVF    DATO2,0 ; Mueve DATO2 a WREG
0020   3C31           00061                         SUBLW   '1' ; Resta el caracter 1 a WREG, si el resultado es 0 significa que hem
                            os enviado un 1
0021   1903           00062                         BTFSC   STATUS,Z ; Si Z es 1 salta devuelve_1           
0022   2832           00063                         goto    devuelve_1
                      00064         
0023   0832           00065                         MOVF    DATO2,0 ; Mueve DATO2 a WREG
0024   3C32           00066                         SUBLW   '2' ; Resta el caracter 2 a WREG, si el resultado es 0 significa que hem
                            os enviado un 2
0025   1903           00067                         BTFSC   STATUS,Z ; Si Z es 1 salta devuelve_2
0026   2836           00068                         goto    devuelve_2
                      00069                         
0027   282E           00070                         goto    devuelve_0
                      00071         
0028   1030           00072                         BCF     CONTROL,0  ; Ponemos el BIT 0 de CONTROL a 0
Warning[203]: Found opcode in column 1. (RETFIE)
0029   0009           00073 RETFIE
                      00074 ;-------------------------------------------------------
                      00075 
002A                  00076 guarda_dato1 ; Guarda el primer caracter
002A   081A           00077                 MOVF    RCREG,0
002B   00B1           00078                 MOVWF   DATO1 ; Mueve el dato de RCREG a DATO1
002C   1430           00079                 BSF     CONTROL,0  ; Ponemos el BIT 0 de CONTROL a 1
Warning[203]: Found opcode in column 1. (RETFIE)
002D   0009           00080 RETFIE
                      00081 
MPASM  5.42                            E2.ASM   4-27-2019  17:31:18         PAGE  3


LOC  OBJECT CODE     LINE SOURCE TEXT
  VALUE

                      00082 
002E                  00083 devuelve_0 ; Devuelve 0
002E   3030           00084                 MOVLW   '0'
002F   0099           00085                 MOVWF   TXREG
0030   1030           00086                 BCF     CONTROL,0  ; Ponemos el BIT 0 de CONTROL a 0
Warning[203]: Found opcode in column 1. (RETFIE)
0031   0009           00087 RETFIE
                      00088 
                      00089 
0032                  00090 devuelve_1 ; Devuelve 1
0032   3031           00091                 MOVLW   '1'
0033   0099           00092                 MOVWF   TXREG
0034   1030           00093                 BCF     CONTROL,0  ; Ponemos el BIT 0 de CONTROL a 0
Warning[203]: Found opcode in column 1. (RETFIE)
0035   0009           00094 RETFIE
                      00095 
                      00096 
0036                  00097 devuelve_2 ; Devuelve 2
0036   3032           00098                 MOVLW   '2'
0037   0099           00099                 MOVWF   TXREG
0038   1030           00100                 BCF     CONTROL,0  ; Ponemos el BIT 0 de CONTROL a 0
Warning[203]: Found opcode in column 1. (RETFIE)
0039   0009           00101 RETFIE
                      00102 ;-------------------------------------------------------
                      00103 
Warning[205]: Found directive in column 1. (END)
                      00104 END
MPASM  5.42                            E2.ASM   4-27-2019  17:31:18         PAGE  4


SYMBOL TABLE
  LABEL                             VALUE 

ACKDT                             00000005
ACKEN                             00000004
ACKSTAT                           00000006
ADCON0                            0000001F
ADCON1                            0000009F
ADCS0                             00000006
ADCS1                             00000007
ADCS2                             00000006
ADDEN                             00000003
ADFM                              00000007
ADIE                              00000006
ADIF                              00000006
ADON                              00000000
ADRESH                            0000001E
ADRESL                            0000009E
BCLIE                             00000003
BCLIF                             00000003
BF                                00000000
BRGH                              00000002
C                                 00000000
C1INV                             00000004
C1OUT                             00000006
C2INV                             00000005
C2OUT                             00000007
CCP1CON                           00000017
CCP1IE                            00000002
CCP1IF                            00000002
CCP1M0                            00000000
CCP1M1                            00000001
CCP1M2                            00000002
CCP1M3                            00000003
CCP1X                             00000005
CCP1Y                             00000004
CCP2CON                           0000001D
CCP2IE                            00000000
CCP2IF                            00000000
CCP2M0                            00000000
CCP2M1                            00000001
CCP2M2                            00000002
CCP2M3                            00000003
CCP2X                             00000005
CCP2Y                             00000004
CCPR1                             00000015
CCPR1H                            00000016
CCPR1L                            00000015
CCPR2                             0000001B
CCPR2H                            0000001C
CCPR2L                            0000001B
CHS0                              00000003
CHS1                              00000004
CHS2                              00000005
CIS                               00000003
CKE                               00000006
MPASM  5.42                            E2.ASM   4-27-2019  17:31:18         PAGE  5


SYMBOL TABLE
  LABEL                             VALUE 

CKP                               00000004
CM0                               00000000
CM1                               00000001
CM2                               00000002
CMCON                             0000009C
CMIE                              00000006
CMIF                              00000006
CONTROL                           00000030
CREN                              00000004
CSRC                              00000007
CVR0                              00000000
CVR1                              00000001
CVR2                              00000002
CVR3                              00000003
CVRCON                            0000009D
CVREN                             00000007
CVROE                             00000006
CVRR                              00000005
D                                 00000005
DATA_ADDRESS                      00000005
DATO1                             00000031
DATO2                             00000032
DC                                00000001
D_A                               00000005
D_NOT_A                           00000005
EEADR                             0000010D
EEADRH                            0000010F
EECON1                            0000018C
EECON2                            0000018D
EEDATA                            0000010C
EEDATH                            0000010E
EEIE                              00000004
EEIF                              00000004
EEPGD                             00000007
F                                 00000001
FERR                              00000002
FSR                               00000004
GCEN                              00000007
GIE                               00000007
GO                                00000002
GO_DONE                           00000002
GO_NOT_DONE                       00000002
I2C_DATA                          00000005
I2C_READ                          00000002
I2C_START                         00000003
I2C_STOP                          00000004
INDF                              00000000
INTCON                            0000000B
INTE                              00000004
INTEDG                            00000006
INTF                              00000001
IRP                               00000007
ISR                               00000015
MPASM  5.42                            E2.ASM   4-27-2019  17:31:18         PAGE  6


SYMBOL TABLE
  LABEL                             VALUE 

NOT_A                             00000005
NOT_ADDRESS                       00000005
NOT_BO                            00000000
NOT_BOR                           00000000
NOT_DONE                          00000002
NOT_PD                            00000003
NOT_POR                           00000001
NOT_RBPU                          00000007
NOT_RC8                           00000006
NOT_T1SYNC                        00000002
NOT_TO                            00000004
NOT_TX8                           00000006
NOT_W                             00000002
NOT_WRITE                         00000002
OERR                              00000001
OPTION_REG                        00000081
P                                 00000004
PCFG0                             00000000
PCFG1                             00000001
PCFG2                             00000002
PCFG3                             00000003
PCL                               00000002
PCLATH                            0000000A
PCON                              0000008E
PEIE                              00000006
PEN                               00000002
PIE1                              0000008C
PIE2                              0000008D
PIR1                              0000000C
PIR2                              0000000D
PORTA                             00000005
PORTB                             00000006
PORTC                             00000007
PR2                               00000092
PS0                               00000000
PS1                               00000001
PS2                               00000002
PSA                               00000003
R                                 00000002
RA0                               00000000
RA1                               00000001
RA2                               00000002
RA3                               00000003
RA4                               00000004
RA5                               00000005
RB0                               00000000
RB1                               00000001
RB2                               00000002
RB3                               00000003
RB4                               00000004
RB5                               00000005
RB6                               00000006
RB7                               00000007
MPASM  5.42                            E2.ASM   4-27-2019  17:31:18         PAGE  7


SYMBOL TABLE
  LABEL                             VALUE 

RBIE                              00000003
RBIF                              00000000
RC0                               00000000
RC1                               00000001
RC2                               00000002
RC3                               00000003
RC4                               00000004
RC5                               00000005
RC6                               00000006
RC7                               00000007
RC8_9                             00000006
RC9                               00000006
RCD8                              00000000
RCEN                              00000003
RCIE                              00000005
RCIF                              00000005
RCREG                             0000001A
RCSTA                             00000018
RD                                00000000
READ_WRITE                        00000002
RP0                               00000005
RP1                               00000006
RSEN                              00000001
RX9                               00000006
RX9D                              00000000
R_NOT_W                           00000002
R_W                               00000002
S                                 00000003
SEN                               00000000
SMP                               00000007
SPBRG                             00000099
SPEN                              00000007
SREN                              00000005
SSPADD                            00000093
SSPBUF                            00000013
SSPCON                            00000014
SSPCON2                           00000091
SSPEN                             00000005
SSPIE                             00000003
SSPIF                             00000003
SSPM0                             00000000
SSPM1                             00000001
SSPM2                             00000002
SSPM3                             00000003
SSPOV                             00000006
SSPSTAT                           00000094
STATUS                            00000003
SYNC                              00000004
T0CS                              00000005
T0IE                              00000005
T0IF                              00000002
T0SE                              00000004
T1CKPS0                           00000004
MPASM  5.42                            E2.ASM   4-27-2019  17:31:18         PAGE  8


SYMBOL TABLE
  LABEL                             VALUE 

T1CKPS1                           00000005
T1CON                             00000010
T1INSYNC                          00000002
T1OSCEN                           00000003
T1SYNC                            00000002
T2CKPS0                           00000000
T2CKPS1                           00000001
T2CON                             00000012
TMR0                              00000001
TMR0IE                            00000005
TMR0IF                            00000002
TMR1CS                            00000001
TMR1H                             0000000F
TMR1IE                            00000000
TMR1IF                            00000000
TMR1L                             0000000E
TMR1ON                            00000000
TMR2                              00000011
TMR2IE                            00000001
TMR2IF                            00000001
TMR2ON                            00000002
TOUTPS0                           00000003
TOUTPS1                           00000004
TOUTPS2                           00000005
TOUTPS3                           00000006
TRISA                             00000085
TRISA0                            00000000
TRISA1                            00000001
TRISA2                            00000002
TRISA3                            00000003
TRISA4                            00000004
TRISA5                            00000005
TRISB                             00000086
TRISB0                            00000000
TRISB1                            00000001
TRISB2                            00000002
TRISB3                            00000003
TRISB4                            00000004
TRISB5                            00000005
TRISB6                            00000006
TRISB7                            00000007
TRISC                             00000087
TRISC0                            00000000
TRISC1                            00000001
TRISC2                            00000002
TRISC3                            00000003
TRISC4                            00000004
TRISC5                            00000005
TRISC6                            00000006
TRISC7                            00000007
TRMT                              00000001
TX8_9                             00000006
TX9                               00000006
MPASM  5.42                            E2.ASM   4-27-2019  17:31:18         PAGE  9


SYMBOL TABLE
  LABEL                             VALUE 

TX9D                              00000000
TXD8                              00000000
TXEN                              00000005
TXIE                              00000004
TXIF                              00000004
TXREG                             00000019
TXSTA                             00000098
UA                                00000001
W                                 00000000
WCOL                              00000007
WR                                00000001
WREN                              00000002
WRERR                             00000003
Z                                 00000002
_BODEN_OFF                        00003FBF
_BODEN_ON                         00003FFF
_CONFIG                           00002007
_CPD_OFF                          00003FFF
_CPD_ON                           00003EFF
_CP_ALL                           00001FFF
_CP_OFF                           00003FFF
_DEBUG_OFF                        00003FFF
_DEBUG_ON                         000037FF
_DEVID1                           00002006
_HS_OSC                           00003FFE
_IDLOC0                           00002000
_IDLOC1                           00002001
_IDLOC2                           00002002
_IDLOC3                           00002003
_LP_OSC                           00003FFC
_LVP_OFF                          00003F7F
_LVP_ON                           00003FFF
_PWRTE_OFF                        00003FFF
_PWRTE_ON                         00003FF7
_RC_OSC                           00003FFF
_WDT_OFF                          00003FFB
_WDT_ON                           00003FFF
_WRT_1FOURTH                      00003BFF
_WRT_256                          00003DFF
_WRT_HALF                         000039FF
_WRT_OFF                          00003FFF
_XT_OSC                           00003FFD
__16F876A                         00000001
__DEBUG                           1
devuelve_0                        0000002E
devuelve_1                        00000032
devuelve_2                        00000036
guarda_dato1                      0000002A
inicio                            00000005
main                              00000014
MPASM  5.42                            E2.ASM   4-27-2019  17:31:18         PAGE 10


MEMORY USAGE MAP ('X' = Used,  '-' = Unused)


0000 : X---XXXXXXXXXXXX XXXXXXXXXXXXXXXX XXXXXXXXXXXXXXXX XXXXXXXXXX------
2000 : -------X-------- ---------------- ---------------- ----------------

All other memory blocks unused.

Program Memory Words Used:    55
Program Memory Words Free:  8137


Errors   :     0
Warnings :     7 reported,     0 suppressed
Messages :     6 reported,     0 suppressed

